#
# A fatal error has been detected by the Java Runtime Environment:
#
#  SIGBUS (0xa) at pc=0x00000001067fd0d0, pid=18038, tid=43011
#
# JRE version: 7.0_25-b15
# Java VM: Java HotSpot(TM) 64-Bit Server VM (23.25-b01 mixed mode bsd-amd64 compressed oops)
# Problematic frame:
# C  [libzip.dylib+0x30d0]  newEntry+0x154
#
# Failed to write core dump. Core dumps have been disabled. To enable core dumping, try "ulimit -c unlimited" before starting Java again
#
# If you would like to submit a bug report, please visit:
#   http://bugreport.sun.com/bugreport/crash.jsp
# The crash happened outside the Java Virtual Machine in native code.
# See problematic frame for where to report the bug.
#

---------------  T H R E A D  ---------------

Current thread (0x00007fddc213f000):  JavaThread "AWT-EventQueue-0" [_thread_in_native, id=43011, stack(0x00000001721a5000,0x00000001722a5000)]

siginfo:si_signo=SIGBUS: si_errno=0, si_code=2 (BUS_ADRERR), si_addr=0x000000016d420461

Registers:
RAX=0x00007fddc2824150, RBX=0x000000016d420455, RCX=0x0000000000000e01, RDX=0x0000000000008000
RSP=0x00000001722a1fb0, RBP=0x00000001722a2010, RSI=0x00007fddc2c00000, RDI=0x0000000105a41a00
R8 =0x0000000000000004, R9 =0x000000000000000f, R10=0x0000000000000000, R11=0x0000000000000004
R12=0x000000000000018c, R13=0x00007fddc305ca00, R14=0x00007fddc2824150, R15=0x0000000000000084
RIP=0x00000001067fd0d0, EFLAGS=0x0000000000010206, ERR=0x0000000000000004
  TRAPNO=0x000000000000000e

Top of Stack: (sp=0x00000001722a1fb0)
0x00000001722a1fb0:   0000000000000000 00000000722a4670
0x00000001722a1fc0:   0000000106814f64 0000000106808410
0x00000001722a1fd0:   00000001722a1ff0 00007fddc2824150
0x00000001722a1fe0:   00007fddc2cecca0 00000000e150dbd3
0x00000001722a1ff0:   000000000000018c 00007fddc305ca00
0x00000001722a2000:   00007fddc2824150 0000000000000084
0x00000001722a2010:   00000001722a2060 00000001067fd742
0x00000001722a2020:   0000000000000036 00000036c213f000
0x00000001722a2030:   00000001722a207e 00000001722a2548
0x00000001722a2040:   0000000000000036 00000001722a207e
0x00000001722a2050:   00007fddc2824150 00007fddc213f1d8
0x00000001722a2060:   00000001722a24b0 00000001067fc59c
0x00000001722a2070:   00000001068034f7 6178000100000001
0x00000001722a2080:   63696c7070612f6c 70412f6e6f697461
0x00000001722a2090:   6f69746163696c70 6d6f636c6557246e
0x00000001722a20a0:   6f6843656c694665 632e31247265736f
0x00000001722a20b0:   000000007373616c 00007fddc30020a8
0x00000001722a20c0:   00000001722a2700 0000000000000020
0x00000001722a20d0:   00000001722a2510 00007fff92c43b33
0x00000001722a20e0:   0000000100000000 0000000100000000
0x00000001722a20f0:   0000000000000000 00000001722a25f8
0x00000001722a2100:   00007fddc1c5a8bc 0000000000000000
0x00000001722a2110:   0000000100000000 0000000000000001
0x00000001722a2120:   0000011100000000 0000000000000027
0x00000001722a2130:   0000000000000027 00000001722a21b8
0x00000001722a2140:   00000001722a21a0 00007fff92c3630a
0x00000001722a2150:   00000001722a23f8 00007fddc213f000
0x00000001722a2160:   00007fddc213f000 00000001099006e8
0x00000001722a2170:   00000001722a23c8 000000010605bc5e
0x00000001722a2180:   0000000000000000 00007fddc30027d8
0x00000001722a2190:   0000000000000002 00000000fffffffc
0x00000001722a21a0:   00000001722a25e0 00007fff92c43ae9 

Instructions: (pc=0x00000001067fd0d0)
0x00000001067fd0b0:   49 8b 7f 38 e8 df 19 00 00 4d 89 77 38 49 89 5f
0x00000001067fd0c0:   40 4c 89 f0 48 85 c0 0f 84 16 05 00 00 48 89 c3
0x00000001067fd0d0:   0f b6 43 0c 0f b6 4b 0d 48 c1 e1 08 48 01 c1 0f
0x00000001067fd0e0:   b6 43 0e 0f b6 53 0f 48 c1 e2 08 48 01 c2 48 c1 

Register to memory mapping:

RAX=0x00007fddc2824150 is an unknown value
RBX=0x000000016d420455 is an unknown value
RCX=0x0000000000000e01 is an unknown value
RDX=0x0000000000008000 is an unknown value
RSP=0x00000001722a1fb0 is pointing into the stack for thread: 0x00007fddc213f000
RBP=0x00000001722a2010 is pointing into the stack for thread: 0x00007fddc213f000
RSI=0x00007fddc2c00000 is an unknown value
RDI=0x0000000105a41a00 is an unknown value
R8 =0x0000000000000004 is an unknown value
R9 =0x000000000000000f is an unknown value
R10=0x0000000000000000 is an unknown value
R11=0x0000000000000004 is an unknown value
R12=0x000000000000018c is an unknown value
R13=0x00007fddc305ca00 is an unknown value
R14=0x00007fddc2824150 is an unknown value
R15=0x0000000000000084 is an unknown value


Stack: [0x00000001721a5000,0x00000001722a5000],  sp=0x00000001722a1fb0,  free space=1011k
Native frames: (J=compiled Java code, j=interpreted, Vv=VM code, C=native code)
C  [libzip.dylib+0x30d0]  newEntry+0x154
C  [libzip.dylib+0x3742]  ZIP_GetEntry+0xa2
C  [libzip.dylib+0x259c]  Java_java_util_zip_ZipFile_getEntry+0xdd
j  java.util.zip.ZipFile.getEntry(J[BZ)J+0
j  java.util.zip.ZipFile.getEntry(Ljava/lang/String;)Ljava/util/zip/ZipEntry;+38
j  java.util.jar.JarFile.getEntry(Ljava/lang/String;)Ljava/util/zip/ZipEntry;+2
j  java.util.jar.JarFile.getJarEntry(Ljava/lang/String;)Ljava/util/jar/JarEntry;+2
j  sun.misc.URLClassPath$JarLoader.getResource(Ljava/lang/String;Z)Lsun/misc/Resource;+48
j  sun.misc.URLClassPath.getResource(Ljava/lang/String;Z)Lsun/misc/Resource;+53
j  java.net.URLClassLoader$1.run()Ljava/lang/Class;+26
j  java.net.URLClassLoader$1.run()Ljava/lang/Object;+1
v  ~StubRoutines::call_stub
V  [libjvm.dylib+0x28a5c3]
V  [libjvm.dylib+0x28a390]
V  [libjvm.dylib+0x2c5a8f]
j  java.security.AccessController.doPrivileged(Ljava/security/PrivilegedExceptionAction;Ljava/security/AccessControlContext;)Ljava/lang/Object;+0
j  java.net.URLClassLoader.findClass(Ljava/lang/String;)Ljava/lang/Class;+13
j  java.lang.ClassLoader.loadClass(Ljava/lang/String;Z)Ljava/lang/Class;+70
j  sun.misc.Launcher$AppClassLoader.loadClass(Ljava/lang/String;Z)Ljava/lang/Class;+36
j  java.lang.ClassLoader.loadClass(Ljava/lang/String;)Ljava/lang/Class;+3
v  ~StubRoutines::call_stub
V  [libjvm.dylib+0x28a5c3]
V  [libjvm.dylib+0x28aaa2]
V  [libjvm.dylib+0x28ab88]
V  [libjvm.dylib+0x4519bb]
V  [libjvm.dylib+0x451386]
V  [libjvm.dylib+0x451c01]
V  [libjvm.dylib+0x452013]
V  [libjvm.dylib+0x1b034e]
V  [libjvm.dylib+0x286d69]
j  xal.application.Application$WelcomeFileChooser.createDialog(Ljava/awt/Component;)Ljavax/swing/JDialog;+15
j  javax.swing.JFileChooser.showDialog(Ljava/awt/Component;Ljava/lang/String;)I+26
j  javax.swing.JFileChooser.showOpenDialog(Ljava/awt/Component;)I+8
j  xal.application.Application$WelcomeController.<init>(Lxal/application/Application;Ljava/awt/Point;)V+415
j  xal.application.Application$WelcomeController.<init>(Lxal/application/Application;Ljava/awt/Point;Lxal/application/Application$1;)V+3
j  xal.application.Application.showWelcomeDialog()V+10
j  xal.application.FrameApplication$1.run()V+86
j  java.awt.event.InvocationEvent.dispatch()V+11
j  java.awt.EventQueue.dispatchEventImpl(Ljava/awt/AWTEvent;Ljava/lang/Object;)V+21
j  java.awt.EventQueue.access$200(Ljava/awt/EventQueue;Ljava/awt/AWTEvent;Ljava/lang/Object;)V+3
j  java.awt.EventQueue$3.run()Ljava/lang/Void;+12
j  java.awt.EventQueue$3.run()Ljava/lang/Object;+1
v  ~StubRoutines::call_stub
V  [libjvm.dylib+0x28a5c3]
V  [libjvm.dylib+0x28a390]
V  [libjvm.dylib+0x2c5a8f]
j  java.security.AccessController.doPrivileged(Ljava/security/PrivilegedAction;Ljava/security/AccessControlContext;)Ljava/lang/Object;+0
j  java.security.ProtectionDomain$1.doIntersectionPrivilege(Ljava/security/PrivilegedAction;Ljava/security/AccessControlContext;Ljava/security/AccessControlContext;)Ljava/lang/Object;+28
j  java.awt.EventQueue.dispatchEvent(Ljava/awt/AWTEvent;)V+46
j  java.awt.EventDispatchThread.pumpOneEventForFilters(I)V+245
j  java.awt.EventDispatchThread.pumpEventsForFilter(ILjava/awt/Conditional;Ljava/awt/EventFilter;)V+35
j  java.awt.EventDispatchThread.pumpEventsForHierarchy(ILjava/awt/Conditional;Ljava/awt/Component;)V+11
j  java.awt.EventDispatchThread.pumpEvents(ILjava/awt/Conditional;)V+4
j  java.awt.EventDispatchThread.pumpEvents(Ljava/awt/Conditional;)V+3
j  java.awt.EventDispatchThread.run()V+9
v  ~StubRoutines::call_stub
V  [libjvm.dylib+0x28a5c3]
V  [libjvm.dylib+0x28aaa2]
V  [libjvm.dylib+0x28abdc]
V  [libjvm.dylib+0x2c1868]
V  [libjvm.dylib+0x47cbd8]
V  [libjvm.dylib+0x47e0ca]
V  [libjvm.dylib+0x3b95f9]
C  [libsystem_c.dylib+0x147a2]  _pthread_start+0x147
C  [libsystem_c.dylib+0x11e1]  thread_start+0xd

Java frames: (J=compiled Java code, j=interpreted, Vv=VM code)
j  java.util.zip.ZipFile.getEntry(J[BZ)J+0
j  java.util.zip.ZipFile.getEntry(Ljava/lang/String;)Ljava/util/zip/ZipEntry;+38
j  java.util.jar.JarFile.getEntry(Ljava/lang/String;)Ljava/util/zip/ZipEntry;+2
j  java.util.jar.JarFile.getJarEntry(Ljava/lang/String;)Ljava/util/jar/JarEntry;+2
j  sun.misc.URLClassPath$JarLoader.getResource(Ljava/lang/String;Z)Lsun/misc/Resource;+48
j  sun.misc.URLClassPath.getResource(Ljava/lang/String;Z)Lsun/misc/Resource;+53
j  java.net.URLClassLoader$1.run()Ljava/lang/Class;+26
j  java.net.URLClassLoader$1.run()Ljava/lang/Object;+1
v  ~StubRoutines::call_stub
j  java.security.AccessController.doPrivileged(Ljava/security/PrivilegedExceptionAction;Ljava/security/AccessControlContext;)Ljava/lang/Object;+0
j  java.net.URLClassLoader.findClass(Ljava/lang/String;)Ljava/lang/Class;+13
j  java.lang.ClassLoader.loadClass(Ljava/lang/String;Z)Ljava/lang/Class;+70
j  sun.misc.Launcher$AppClassLoader.loadClass(Ljava/lang/String;Z)Ljava/lang/Class;+36
j  java.lang.ClassLoader.loadClass(Ljava/lang/String;)Ljava/lang/Class;+3
v  ~StubRoutines::call_stub
j  xal.application.Application$WelcomeFileChooser.createDialog(Ljava/awt/Component;)Ljavax/swing/JDialog;+15
j  javax.swing.JFileChooser.showDialog(Ljava/awt/Component;Ljava/lang/String;)I+26
j  javax.swing.JFileChooser.showOpenDialog(Ljava/awt/Component;)I+8
j  xal.application.Application$WelcomeController.<init>(Lxal/application/Application;Ljava/awt/Point;)V+415
j  xal.application.Application$WelcomeController.<init>(Lxal/application/Application;Ljava/awt/Point;Lxal/application/Application$1;)V+3
j  xal.application.Application.showWelcomeDialog()V+10
j  xal.application.FrameApplication$1.run()V+86
j  java.awt.event.InvocationEvent.dispatch()V+11
j  java.awt.EventQueue.dispatchEventImpl(Ljava/awt/AWTEvent;Ljava/lang/Object;)V+21
j  java.awt.EventQueue.access$200(Ljava/awt/EventQueue;Ljava/awt/AWTEvent;Ljava/lang/Object;)V+3
j  java.awt.EventQueue$3.run()Ljava/lang/Void;+12
j  java.awt.EventQueue$3.run()Ljava/lang/Object;+1
v  ~StubRoutines::call_stub
j  java.security.AccessController.doPrivileged(Ljava/security/PrivilegedAction;Ljava/security/AccessControlContext;)Ljava/lang/Object;+0
j  java.security.ProtectionDomain$1.doIntersectionPrivilege(Ljava/security/PrivilegedAction;Ljava/security/AccessControlContext;Ljava/security/AccessControlContext;)Ljava/lang/Object;+28
j  java.awt.EventQueue.dispatchEvent(Ljava/awt/AWTEvent;)V+46
j  java.awt.EventDispatchThread.pumpOneEventForFilters(I)V+245
j  java.awt.EventDispatchThread.pumpEventsForFilter(ILjava/awt/Conditional;Ljava/awt/EventFilter;)V+35
j  java.awt.EventDispatchThread.pumpEventsForHierarchy(ILjava/awt/Conditional;Ljava/awt/Component;)V+11
j  java.awt.EventDispatchThread.pumpEvents(ILjava/awt/Conditional;)V+4
j  java.awt.EventDispatchThread.pumpEvents(Ljava/awt/Conditional;)V+3
j  java.awt.EventDispatchThread.run()V+9
v  ~StubRoutines::call_stub

---------------  P R O C E S S  ---------------

Java Threads: ( => current thread )
=>0x00007fddc213f000 JavaThread "AWT-EventQueue-0" [_thread_in_native, id=43011, stack(0x00000001721a5000,0x00000001722a5000)]
  0x00007fddc209f000 JavaThread "AWT-Shutdown" [_thread_blocked, id=42755, stack(0x00000001720a2000,0x00000001721a2000)]
  0x00007fddc22a2800 JavaThread "Java2D Disposer" daemon [_thread_blocked, id=40451, stack(0x0000000171a17000,0x0000000171b17000)]
  0x00007fddc226d800 JavaThread "Java2D Queue Flusher" daemon [_thread_blocked, id=37135, stack(0x0000000171136000,0x0000000171236000)]
  0x00007fddc2157000 JavaThread "Timer-0" daemon [_thread_blocked, id=35871, stack(0x0000000170fc9000,0x00000001710c9000)]
  0x00007fddc211d000 JavaThread "AppKit Thread" daemon [_thread_in_native, id=1799, stack(0x00007fff599db000,0x00007fff5a1db000)]
  0x00007fddc3011000 JavaThread "Service Thread" daemon [_thread_blocked, id=20995, stack(0x000000016d1cb000,0x000000016d2cb000)]
  0x00007fddc3010000 JavaThread "C2 CompilerThread1" daemon [_thread_blocked, id=20739, stack(0x000000016d0c8000,0x000000016d1c8000)]
  0x00007fddc3001000 JavaThread "C2 CompilerThread0" daemon [_thread_blocked, id=20483, stack(0x000000016cfc5000,0x000000016d0c5000)]
  0x00007fddc300d000 JavaThread "Signal Dispatcher" daemon [_thread_blocked, id=20227, stack(0x000000016cec2000,0x000000016cfc2000)]
  0x00007fddc2060800 JavaThread "Finalizer" daemon [_thread_blocked, id=14595, stack(0x000000016ca72000,0x000000016cb72000)]
  0x00007fddc2060000 JavaThread "Reference Handler" daemon [_thread_blocked, id=14339, stack(0x000000016c96f000,0x000000016ca6f000)]
  0x00007fddc200c000 JavaThread "main" [_thread_blocked, id=5891, stack(0x000000010662e000,0x000000010672e000)]

Other Threads:
  0x00007fddc205d000 VMThread [stack: 0x000000016c86c000,0x000000016c96c000] [id=14083]
  0x00007fddc300b800 WatcherThread [stack: 0x000000016d2ce000,0x000000016d3ce000] [id=21251]

VM state:not at safepoint (normal execution)

VM Mutex/Monitor currently owned by a thread: None

Heap
 PSYoungGen      total 26560K, used 6026K [0x000000014a040000, 0x000000014bde0000, 0x0000000167ae0000)
  eden space 22784K, 14% used [0x000000014a040000,0x000000014a36a1f0,0x000000014b680000)
  from space 3776K, 73% used [0x000000014b680000,0x000000014b9389a0,0x000000014ba30000)
  to   space 3776K, 0% used [0x000000014ba30000,0x000000014ba30000,0x000000014bde0000)
 ParOldGen       total 60736K, used 8K [0x000000010eae0000, 0x0000000112630000, 0x000000014a040000)
  object space 60736K, 0% used [0x000000010eae0000,0x000000010eae2000,0x0000000112630000)
 PSPermGen       total 21248K, used 12941K [0x00000001098e0000, 0x000000010ada0000, 0x000000010eae0000)
  object space 21248K, 60% used [0x00000001098e0000,0x000000010a583418,0x000000010ada0000)

Card table byte_map: [0x0000000167ae0000,0x0000000167dd2000] byte_map_base: 0x0000000167293900

Polling page: 0x000000010676d000

Code Cache  [0x0000000106803000, 0x0000000106a73000, 0x0000000109803000)
 total_blobs=475 nmethods=38 adapters=389 free_code_cache=48560Kb largest_free_block=49706368

Compilation events (10 events):
Event: 10.119 Thread 0x00007fddc3010000   34             sun.net.www.ParseUtil::encodePath (336 bytes)
Event: 10.139 Thread 0x00007fddc3010000 nmethod 34 0x0000000106896b10 code [0x0000000106896d60, 0x0000000106897f48]
Event: 10.237 Thread 0x00007fddc3001000   35             java.util.Hashtable::hash (63 bytes)
Event: 10.239 Thread 0x00007fddc3001000 nmethod 35 0x0000000106895190 code [0x0000000106895300, 0x00000001068954a8]
Event: 10.239 Thread 0x00007fddc3001000   36             java.lang.String::equals (81 bytes)
Event: 10.243 Thread 0x00007fddc3001000 nmethod 36 0x0000000106894cd0 code [0x0000000106894e20, 0x0000000106895078]
Event: 10.927 Thread 0x00007fddc3001000   37             sun.java2d.loops.GraphicsPrimitive::getUniqueID (5 bytes)
Event: 10.927 Thread 0x00007fddc3001000 nmethod 37 0x0000000106890810 code [0x0000000106890940, 0x0000000106890998]
Event: 12.219 Thread 0x00007fddc3001000   38             java.lang.AbstractStringBuilder::ensureCapacityInternal (16 bytes)
Event: 12.222 Thread 0x00007fddc3001000 nmethod 38 0x0000000106899bd0 code [0x0000000106899d20, 0x0000000106899f98]

GC Heap History (2 events):
Event: 10.277 GC heap before
{Heap before GC invocations=1 (full 0):
 PSYoungGen      total 26560K, used 22784K [0x000000014a040000, 0x000000014bde0000, 0x0000000167ae0000)
  eden space 22784K, 100% used [0x000000014a040000,0x000000014b680000,0x000000014b680000)
  from space 3776K, 0% used [0x000000014ba30000,0x000000014ba30000,0x000000014bde0000)
  to   space 3776K, 0% used [0x000000014b680000,0x000000014b680000,0x000000014ba30000)
 ParOldGen       total 60736K, used 0K [0x000000010eae0000, 0x0000000112630000, 0x000000014a040000)
  object space 60736K, 0% used [0x000000010eae0000,0x000000010eae0000,0x0000000112630000)
 PSPermGen       total 21248K, used 12173K [0x00000001098e0000, 0x000000010ada0000, 0x000000010eae0000)
  object space 21248K, 57% used [0x00000001098e0000,0x000000010a4c3780,0x000000010ada0000)
Event: 10.287 GC heap after
Heap after GC invocations=1 (full 0):
 PSYoungGen      total 26560K, used 2786K [0x000000014a040000, 0x000000014bde0000, 0x0000000167ae0000)
  eden space 22784K, 0% used [0x000000014a040000,0x000000014a040000,0x000000014b680000)
  from space 3776K, 73% used [0x000000014b680000,0x000000014b9389a0,0x000000014ba30000)
  to   space 3776K, 0% used [0x000000014ba30000,0x000000014ba30000,0x000000014bde0000)
 ParOldGen       total 60736K, used 8K [0x000000010eae0000, 0x0000000112630000, 0x000000014a040000)
  object space 60736K, 0% used [0x000000010eae0000,0x000000010eae2000,0x0000000112630000)
 PSPermGen       total 21248K, used 12173K [0x00000001098e0000, 0x000000010ada0000, 0x000000010eae0000)
  object space 21248K, 57% used [0x00000001098e0000,0x000000010a4c3780,0x000000010ada0000)
}

Deoptimization events (6 events):
Event: 2.319 Thread 0x00007fddc200c000 Uncommon trap -12 fr.pc 0x0000000106866a24
Event: 9.912 Thread 0x00007fddc213f000 Uncommon trap -34 fr.pc 0x0000000106872458
Event: 9.912 Thread 0x00007fddc213f000 Uncommon trap -34 fr.pc 0x0000000106872458
Event: 9.912 Thread 0x00007fddc213f000 Uncommon trap -34 fr.pc 0x0000000106872458
Event: 9.912 Thread 0x00007fddc213f000 Uncommon trap -34 fr.pc 0x0000000106872458
Event: 10.181 Thread 0x00007fddc213f000 Uncommon trap -83 fr.pc 0x000000010688a24c

Internal exceptions (10 events):
Event: 10.119 Thread 0x00007fddc213f000 Threw 0x000000014b35d058 at /HUDSON/workspace/jdk7u25-2-build-macosx-amd64-product/jdk7u25/hotspot/src/share/vm/prims/jvm.cpp:1235
Event: 10.181 Thread 0x00007fddc213f000 Implicit null exception at 0x000000010688a0b5 to 0x000000010688a23d
Event: 10.182 Thread 0x00007fddc213f000 Threw 0x000000014b36dcf0 at /HUDSON/workspace/jdk7u25-2-build-macosx-amd64-product/jdk7u25/hotspot/src/share/vm/prims/jvm.cpp:1235
Event: 10.183 Thread 0x00007fddc213f000 Threw 0x000000014b375bb8 at /HUDSON/workspace/jdk7u25-2-build-macosx-amd64-product/jdk7u25/hotspot/src/share/vm/prims/jvm.cpp:1235
Event: 10.186 Thread 0x00007fddc213f000 Threw 0x000000014b37fb38 at /HUDSON/workspace/jdk7u25-2-build-macosx-amd64-product/jdk7u25/hotspot/src/share/vm/prims/jvm.cpp:1235
Event: 10.300 Thread 0x00007fddc213f000 Threw 0x000000014a12c478 at /HUDSON/workspace/jdk7u25-2-build-macosx-amd64-product/jdk7u25/hotspot/src/share/vm/prims/jvm.cpp:1235
Event: 10.300 Thread 0x00007fddc213f000 Threw 0x000000014a1315b8 at /HUDSON/workspace/jdk7u25-2-build-macosx-amd64-product/jdk7u25/hotspot/src/share/vm/prims/jvm.cpp:1235
Event: 10.301 Thread 0x00007fddc213f000 Threw 0x000000014a1364e0 at /HUDSON/workspace/jdk7u25-2-build-macosx-amd64-product/jdk7u25/hotspot/src/share/vm/prims/jvm.cpp:1235
Event: 10.301 Thread 0x00007fddc213f000 Threw 0x000000014a13b698 at /HUDSON/workspace/jdk7u25-2-build-macosx-amd64-product/jdk7u25/hotspot/src/share/vm/prims/jvm.cpp:1235
Event: 12.244 Thread 0x00007fddc213f000 Threw 0x000000014a252428 at /HUDSON/workspace/jdk7u25-2-build-macosx-amd64-product/jdk7u25/hotspot/src/share/vm/prims/jvm.cpp:1235

Events (10 events):
Event: 12.241 loading class 0x00007fddc2c7ece0
Event: 12.241 loading class 0x00007fddc2c7ece0 done
Event: 12.241 loading class 0x00007fddc2c7ecb0 done
Event: 12.241 loading class 0x00007fddc2c7e340 done
Event: 12.241 loading class 0x00007fddc2c7e3a0
Event: 12.241 loading class 0x00007fddc2c7e3a0 done
Event: 12.243 loading class 0x00007fddc2a8b350
Event: 12.243 loading class 0x00007fddc2a8b350 done
Event: 12.243 loading class 0x00007fddc2ca5e50
Event: 12.243 loading class 0x00007fddc2ca5e50 done


Dynamic libraries:
0x000000000b724000 	/System/Library/Frameworks/Cocoa.framework/Versions/A/Cocoa
0x000000000b724000 	/System/Library/Frameworks/Security.framework/Versions/A/Security
0x000000000b724000 	/System/Library/Frameworks/ApplicationServices.framework/Versions/A/ApplicationServices
0x000000000b724000 	/usr/lib/libz.1.dylib
0x000000000b724000 	/usr/lib/libSystem.B.dylib
0x000000000b724000 	/usr/lib/libobjc.A.dylib
0x000000000b724000 	/System/Library/Frameworks/CoreFoundation.framework/Versions/A/CoreFoundation
0x000000000b724000 	/System/Library/Frameworks/AppKit.framework/Versions/C/AppKit
0x000000000b724000 	/System/Library/Frameworks/CoreData.framework/Versions/A/CoreData
0x000000000b724000 	/System/Library/Frameworks/Foundation.framework/Versions/C/Foundation
0x000000000b724000 	/System/Library/PrivateFrameworks/RemoteViewServices.framework/Versions/A/RemoteViewServices
0x000000000b724000 	/System/Library/Frameworks/AudioToolbox.framework/Versions/A/AudioToolbox
0x000000000b724000 	/System/Library/Frameworks/AudioUnit.framework/Versions/A/AudioUnit
0x000000000b724000 	/System/Library/PrivateFrameworks/DataDetectorsCore.framework/Versions/A/DataDetectorsCore
0x000000000b724000 	/System/Library/PrivateFrameworks/DesktopServicesPriv.framework/Versions/A/DesktopServicesPriv
0x000000000b724000 	/System/Library/Frameworks/Carbon.framework/Versions/A/Frameworks/HIToolbox.framework/Versions/A/HIToolbox
0x000000000b724000 	/System/Library/Frameworks/QuartzCore.framework/Versions/A/QuartzCore
0x000000000b724000 	/System/Library/Frameworks/Carbon.framework/Versions/A/Frameworks/SpeechRecognition.framework/Versions/A/SpeechRecognition
0x000000000b724000 	/usr/lib/libauto.dylib
0x000000000b724000 	/usr/lib/libicucore.A.dylib
0x000000000b724000 	/usr/lib/libxml2.2.dylib
0x000000000b724000 	/System/Library/PrivateFrameworks/CoreUI.framework/Versions/A/CoreUI
0x000000000b724000 	/System/Library/Frameworks/CoreAudio.framework/Versions/A/CoreAudio
0x000000000b724000 	/System/Library/Frameworks/DiskArbitration.framework/Versions/A/DiskArbitration
0x000000000b724000 	/usr/lib/liblangid.dylib
0x000000000b724000 	/System/Library/PrivateFrameworks/MultitouchSupport.framework/Versions/A/MultitouchSupport
0x000000000b724000 	/System/Library/Frameworks/IOKit.framework/Versions/A/IOKit
0x000000000b724000 	/usr/lib/libDiagnosticMessagesClient.dylib
0x000000000b724000 	/System/Library/Frameworks/CoreServices.framework/Versions/A/CoreServices
0x000000000b724000 	/System/Library/PrivateFrameworks/PerformanceAnalysis.framework/Versions/A/PerformanceAnalysis
0x000000000b724000 	/System/Library/PrivateFrameworks/GenerationalStorage.framework/Versions/A/GenerationalStorage
0x000000000b724000 	/System/Library/Frameworks/OpenGL.framework/Versions/A/OpenGL
0x000000000b724000 	/System/Library/Frameworks/CoreText.framework/Versions/A/CoreText
0x000000000b724000 	/System/Library/Frameworks/ImageIO.framework/Versions/A/ImageIO
0x000000000b724000 	/System/Library/PrivateFrameworks/Backup.framework/Versions/A/Backup
0x000000000b724000 	/System/Library/Frameworks/CFNetwork.framework/Versions/A/CFNetwork
0x000000000b724000 	/System/Library/Frameworks/SystemConfiguration.framework/Versions/A/SystemConfiguration
0x000000000b724000 	/usr/lib/libCRFSuite.dylib
0x000000000b724000 	/System/Library/PrivateFrameworks/TCC.framework/Versions/A/TCC
0x000000000b724000 	/usr/lib/libc++.1.dylib
0x000000000b724000 	/usr/lib/libc++abi.dylib
0x000000000b724000 	/usr/lib/system/libcache.dylib
0x000000000b724000 	/usr/lib/system/libcommonCrypto.dylib
0x000000000b724000 	/usr/lib/system/libcompiler_rt.dylib
0x000000000b724000 	/usr/lib/system/libcopyfile.dylib
0x000000000b724000 	/usr/lib/system/libdispatch.dylib
0x000000000b724000 	/usr/lib/system/libdnsinfo.dylib
0x000000000b724000 	/usr/lib/system/libdyld.dylib
0x000000000b724000 	/usr/lib/system/libkeymgr.dylib
0x000000000b724000 	/usr/lib/system/liblaunch.dylib
0x000000000b724000 	/usr/lib/system/libmacho.dylib
0x000000000b724000 	/usr/lib/system/libquarantine.dylib
0x000000000b724000 	/usr/lib/system/libremovefile.dylib
0x000000000b724000 	/usr/lib/system/libsystem_blocks.dylib
0x000000000b724000 	/usr/lib/system/libsystem_c.dylib
0x000000000b724000 	/usr/lib/system/libsystem_dnssd.dylib
0x000000000b724000 	/usr/lib/system/libsystem_info.dylib
0x000000000b724000 	/usr/lib/system/libsystem_kernel.dylib
0x000000000b724000 	/usr/lib/system/libsystem_m.dylib
0x000000000b724000 	/usr/lib/system/libsystem_network.dylib
0x000000000b724000 	/usr/lib/system/libsystem_notify.dylib
0x000000000b724000 	/usr/lib/system/libsystem_sandbox.dylib
0x000000000b724000 	/usr/lib/system/libunc.dylib
0x000000000b724000 	/usr/lib/system/libunwind.dylib
0x000000000b724000 	/usr/lib/system/libxpc.dylib
0x000000000b724000 	/usr/lib/system/libcorecrypto.dylib
0x000000000b724000 	/usr/lib/libstdc++.6.dylib
0x000000000b724000 	/usr/lib/libbsm.0.dylib
0x000000000b724000 	/usr/lib/libsqlite3.dylib
0x000000000b724000 	/usr/lib/libxar.1.dylib
0x000000000b724000 	/usr/lib/libpam.2.dylib
0x000000000b724000 	/usr/lib/libOpenScriptingUtil.dylib
0x000000000b724000 	/usr/lib/libbz2.1.0.dylib
0x000000000b724000 	/System/Library/Frameworks/CoreServices.framework/Versions/A/Frameworks/CarbonCore.framework/Versions/A/CarbonCore
0x000000000b724000 	/System/Library/Frameworks/CoreServices.framework/Versions/A/Frameworks/Metadata.framework/Versions/A/Metadata
0x000000000b724000 	/System/Library/Frameworks/CoreServices.framework/Versions/A/Frameworks/OSServices.framework/Versions/A/OSServices
0x000000000b724000 	/System/Library/Frameworks/CoreServices.framework/Versions/A/Frameworks/SearchKit.framework/Versions/A/SearchKit
0x000000000b724000 	/System/Library/Frameworks/CoreServices.framework/Versions/A/Frameworks/AE.framework/Versions/A/AE
0x000000000b724000 	/System/Library/Frameworks/CoreServices.framework/Versions/A/Frameworks/LaunchServices.framework/Versions/A/LaunchServices
0x000000000b724000 	/System/Library/Frameworks/CoreServices.framework/Versions/A/Frameworks/DictionaryServices.framework/Versions/A/DictionaryServices
0x000000000b724000 	/System/Library/Frameworks/NetFS.framework/Versions/A/NetFS
0x000000000b724000 	/usr/lib/system/libkxld.dylib
0x000000000b724000 	/System/Library/PrivateFrameworks/NetAuth.framework/Versions/A/NetAuth
0x000000000b724000 	/System/Library/Frameworks/OpenDirectory.framework/Versions/A/Frameworks/CFOpenDirectory.framework/Versions/A/CFOpenDirectory
0x000000000b724000 	/usr/lib/libxslt.1.dylib
0x000000000b724000 	/System/Library/PrivateFrameworks/FamilyControls.framework/Versions/A/FamilyControls
0x000000000b724000 	/System/Library/Frameworks/Carbon.framework/Versions/A/Frameworks/Ink.framework/Versions/A/Ink
0x000000000b724000 	/System/Library/Frameworks/ApplicationServices.framework/Versions/A/Frameworks/CoreGraphics.framework/Versions/A/CoreGraphics
0x000000000b724000 	/System/Library/Frameworks/ApplicationServices.framework/Versions/A/Frameworks/ATS.framework/Versions/A/ATS
0x000000000b724000 	/System/Library/Frameworks/ApplicationServices.framework/Versions/A/Frameworks/ColorSync.framework/Versions/A/ColorSync
0x000000000b724000 	/System/Library/Frameworks/ApplicationServices.framework/Versions/A/Frameworks/HIServices.framework/Versions/A/HIServices
0x000000000b724000 	/System/Library/Frameworks/ApplicationServices.framework/Versions/A/Frameworks/LangAnalysis.framework/Versions/A/LangAnalysis
0x000000000b724000 	/System/Library/Frameworks/ApplicationServices.framework/Versions/A/Frameworks/PrintCore.framework/Versions/A/PrintCore
0x000000000b724000 	/System/Library/Frameworks/ApplicationServices.framework/Versions/A/Frameworks/QD.framework/Versions/A/QD
0x000000000b724000 	/System/Library/Frameworks/ApplicationServices.framework/Versions/A/Frameworks/SpeechSynthesis.framework/Versions/A/SpeechSynthesis
0x000000000b724000 	/System/Library/Frameworks/IOSurface.framework/Versions/A/IOSurface
0x000000000b724000 	/System/Library/Frameworks/Accelerate.framework/Versions/A/Accelerate
0x000000000b724000 	/System/Library/Frameworks/ApplicationServices.framework/Versions/A/Frameworks/ATS.framework/Versions/A/Resources/libFontParser.dylib
0x000000000b724000 	/System/Library/Frameworks/ApplicationServices.framework/Versions/A/Frameworks/ATS.framework/Versions/A/Resources/libFontRegistry.dylib
0x000000000b724000 	/System/Library/Frameworks/Accelerate.framework/Versions/A/Frameworks/vImage.framework/Versions/A/vImage
0x000000000b724000 	/System/Library/Frameworks/Accelerate.framework/Versions/A/Frameworks/vecLib.framework/Versions/A/vecLib
0x000000000b724000 	/System/Library/Frameworks/Accelerate.framework/Versions/A/Frameworks/vecLib.framework/Versions/A/libvDSP.dylib
0x000000000b724000 	/System/Library/Frameworks/Accelerate.framework/Versions/A/Frameworks/vecLib.framework/Versions/A/libvMisc.dylib
0x000000000b724000 	/System/Library/Frameworks/Accelerate.framework/Versions/A/Frameworks/vecLib.framework/Versions/A/libLAPACK.dylib
0x000000000b724000 	/System/Library/Frameworks/Accelerate.framework/Versions/A/Frameworks/vecLib.framework/Versions/A/libBLAS.dylib
0x000000000b724000 	/System/Library/Frameworks/ImageIO.framework/Versions/A/Resources/libJPEG.dylib
0x000000000b724000 	/System/Library/Frameworks/ImageIO.framework/Versions/A/Resources/libTIFF.dylib
0x000000000b724000 	/System/Library/Frameworks/ImageIO.framework/Versions/A/Resources/libPng.dylib
0x000000000b724000 	/System/Library/Frameworks/ImageIO.framework/Versions/A/Resources/libGIF.dylib
0x000000000b724000 	/System/Library/Frameworks/ImageIO.framework/Versions/A/Resources/libJP2.dylib
0x000000000b724000 	/System/Library/Frameworks/ImageIO.framework/Versions/A/Resources/libRadiance.dylib
0x000000000b724000 	/usr/lib/libcups.2.dylib
0x000000000b724000 	/System/Library/Frameworks/Kerberos.framework/Versions/A/Kerberos
0x000000000b724000 	/System/Library/Frameworks/GSS.framework/Versions/A/GSS
0x000000000b724000 	/usr/lib/libresolv.9.dylib
0x000000000b724000 	/usr/lib/libiconv.2.dylib
0x000000000b724000 	/System/Library/PrivateFrameworks/Heimdal.framework/Versions/A/Heimdal
0x000000000b724000 	/System/Library/PrivateFrameworks/TrustEvaluationAgent.framework/Versions/A/TrustEvaluationAgent
0x000000000b724000 	/System/Library/Frameworks/OpenDirectory.framework/Versions/A/OpenDirectory
0x000000000b724000 	/System/Library/PrivateFrameworks/CommonAuth.framework/Versions/A/CommonAuth
0x000000000b724000 	/System/Library/PrivateFrameworks/Bom.framework/Versions/A/Bom
0x000000000b724000 	/System/Library/Frameworks/CoreVideo.framework/Versions/A/CoreVideo
0x000000000b724000 	/System/Library/Frameworks/QuartzCore.framework/Versions/A/Frameworks/CoreImage.framework/Versions/A/CoreImage
0x000000000b724000 	/System/Library/Frameworks/QuartzCore.framework/Versions/A/Frameworks/ScalableUserInterface.framework/Versions/A/ScalableUserInterface
0x000000000b724000 	/System/Library/Frameworks/OpenGL.framework/Versions/A/Libraries/libGLU.dylib
0x000000000b724000 	/System/Library/Frameworks/OpenGL.framework/Versions/A/Libraries/libGFXShared.dylib
0x000000000b724000 	/System/Library/Frameworks/OpenGL.framework/Versions/A/Libraries/libGL.dylib
0x000000000b724000 	/System/Library/Frameworks/OpenGL.framework/Versions/A/Libraries/libGLImage.dylib
0x000000000b724000 	/System/Library/Frameworks/OpenGL.framework/Versions/A/Libraries/libCVMSPluginSupport.dylib
0x000000000b724000 	/System/Library/Frameworks/OpenGL.framework/Versions/A/Libraries/libCoreVMClient.dylib
0x000000000b724000 	/System/Library/PrivateFrameworks/CrashReporterSupport.framework/Versions/A/CrashReporterSupport
0x000000000b724000 	/System/Library/Frameworks/OpenCL.framework/Versions/A/OpenCL
0x000000000b724000 	/System/Library/PrivateFrameworks/FaceCoreLight.framework/Versions/A/FaceCoreLight
0x000000000b724000 	/System/Library/PrivateFrameworks/AppleFSCompression.framework/Versions/A/AppleFSCompression
0x000000000b724000 	/System/Library/PrivateFrameworks/Ubiquity.framework/Versions/A/Ubiquity
0x000000000b724000 	/System/Library/Frameworks/ServiceManagement.framework/Versions/A/ServiceManagement
0x000000000b724000 	/System/Library/PrivateFrameworks/ChunkingLibrary.framework/Versions/A/ChunkingLibrary
0x000000000b724000 	/System/Library/Frameworks/vecLib.framework/Versions/A/vecLib
0x000000000b724000 	/System/Library/Frameworks/SecurityFoundation.framework/Versions/A/SecurityFoundation
0x000000000b724000 	/System/Library/PrivateFrameworks/CommerceKit.framework/Versions/A/Frameworks/CommerceCore.framework/Versions/A/CommerceCore
0x000000000b724000 	/System/Library/PrivateFrameworks/CoreSymbolication.framework/Versions/A/CoreSymbolication
0x000000000b724000 	/System/Library/PrivateFrameworks/Symbolication.framework/Versions/A/Symbolication
0x000000000b724000 	/System/Library/PrivateFrameworks/DebugSymbols.framework/Versions/A/DebugSymbols
0x0000000105b84000 	/Library/Java/JavaVirtualMachines/jdk1.7.0_25.jdk/Contents/Home/jre/lib/server/libjvm.dylib
0x0000000106730000 	/Library/Java/JavaVirtualMachines/jdk1.7.0_25.jdk/Contents/Home/jre/lib/libverify.dylib
0x000000010673d000 	/Library/Java/JavaVirtualMachines/jdk1.7.0_25.jdk/Contents/Home/jre/lib/libjava.dylib
0x00000001067fa000 	/Library/Java/JavaVirtualMachines/jdk1.7.0_25.jdk/Contents/Home/jre/lib/libzip.dylib
0x000000016cb74000 	/System/Library/Frameworks/JavaVM.framework/Frameworks/JavaRuntimeSupport.framework/JavaRuntimeSupport
0x000000016cb8c000 	/System/Library/Frameworks/JavaVM.framework/Versions/A/Frameworks/JavaNativeFoundation.framework/Versions/A/JavaNativeFoundation
0x00000001098c3000 	/System/Library/Frameworks/JavaVM.framework/Versions/A/JavaVM
0x000000000b724000 	/System/Library/Frameworks/Carbon.framework/Versions/A/Carbon
0x000000016cba1000 	/System/Library/PrivateFrameworks/JavaLaunching.framework/Versions/A/JavaLaunching
0x000000000b724000 	/System/Library/Frameworks/Carbon.framework/Versions/A/Frameworks/CommonPanels.framework/Versions/A/CommonPanels
0x000000000b724000 	/System/Library/Frameworks/Carbon.framework/Versions/A/Frameworks/Help.framework/Versions/A/Help
0x000000000b724000 	/System/Library/Frameworks/Carbon.framework/Versions/A/Frameworks/ImageCapture.framework/Versions/A/ImageCapture
0x000000000b724000 	/System/Library/Frameworks/Carbon.framework/Versions/A/Frameworks/OpenScripting.framework/Versions/A/OpenScripting
0x000000000b724000 	/System/Library/Frameworks/Carbon.framework/Versions/A/Frameworks/Print.framework/Versions/A/Print
0x000000000b724000 	/System/Library/Frameworks/Carbon.framework/Versions/A/Frameworks/SecurityHI.framework/Versions/A/SecurityHI
0x000000016d441000 	/Library/Java/JavaVirtualMachines/jdk1.7.0_25.jdk/Contents/Home/jre/lib/libawt.dylib
0x000000016d4f1000 	/Library/Java/JavaVirtualMachines/jdk1.7.0_25.jdk/Contents/Home/jre/lib/./libmlib_image.dylib
0x000000016d5bd000 	/Library/Java/JavaVirtualMachines/jdk1.7.0_25.jdk/Contents/Home/jre/lib/lwawt/liblwawt.dylib
0x000000016d670000 	/Library/Java/JavaVirtualMachines/jdk1.7.0_25.jdk/Contents/Home/jre/lib/libosxapp.dylib
0x000000016d68c000 	/System/Library/Frameworks/ExceptionHandling.framework/Versions/A/ExceptionHandling
0x000000000b724000 	/System/Library/PrivateFrameworks/CoreServicesInternal.framework/Versions/A/CoreServicesInternal
0x000000000b724000 	/System/Library/PrivateFrameworks/Librarian.framework/Versions/A/Librarian
0x000000000b724000 	/System/Library/Frameworks/ApplicationServices.framework/Versions/A/Frameworks/CoreGraphics.framework/Versions/A/Resources/libCSync.A.dylib
0x000000000b724000 	/System/Library/Frameworks/ApplicationServices.framework/Versions/A/Frameworks/CoreGraphics.framework/Versions/A/Resources/libRIP.A.dylib
0x000000000b724000 	/System/Library/Frameworks/ApplicationServices.framework/Versions/A/Frameworks/CoreGraphics.framework/Versions/A/Resources/libCGXType.A.dylib
0x000000016f785000 	/Library/Java/JavaVirtualMachines/jdk1.7.0_25.jdk/Contents/Home/jre/lib/libosx.dylib
0x00000001710cb000 	/Library/Java/JavaVirtualMachines/jdk1.7.0_25.jdk/Contents/Home/jre/lib/libfontmanager.dylib
0x000000016f796000 	/Library/Java/JavaVirtualMachines/jdk1.7.0_25.jdk/Contents/Home/jre/lib/libosxui.dylib
0x0000000171238000 	/System/Library/Frameworks/OpenGL.framework/Resources/GLEngine.bundle/GLEngine
0x000000017142d000 	/System/Library/Frameworks/OpenGL.framework/Versions/A/Libraries/libGLProgrammability.dylib
0x0000000000000000 	/System/Library/Extensions/GeForceGLDriver.bundle/Contents/MacOS/GeForceGLDriver
0x00000001715d5000 	/System/Library/PrivateFrameworks/GPUSupport.framework/Versions/A/Libraries/libGPUSupport.dylib
0x000000000b724000 	/System/Library/Extensions/GeForceGLDriver.bundle/Contents/MacOS/libclh.dylib
0x00000001715e9000 	/System/Library/Frameworks/OpenGL.framework/Resources//GLRendererFloat.bundle/GLRendererFloat
0x000000017161d000 	/System/Library/Frameworks/OpenCL.framework/Versions/A/Libraries/libcldcpuengine.dylib
0x000000000b724000 	/System/Library/PrivateFrameworks/DiskImages.framework/Versions/A/DiskImages
0x000000000b724000 	/System/Library/Frameworks/DiscRecording.framework/Versions/A/DiscRecording
0x000000000b724000 	/usr/lib/libcurl.4.dylib
0x000000000b724000 	/System/Library/PrivateFrameworks/MediaKit.framework/Versions/A/MediaKit
0x000000000b724000 	/usr/lib/libssl.0.9.8.dylib
0x000000000b724000 	/usr/lib/libcrypto.0.9.8.dylib
0x000000000b724000 	/System/Library/Frameworks/LDAP.framework/Versions/A/LDAP
0x000000000b724000 	/usr/lib/libsasl2.2.dylib
0x0000000171715000 	/Library/Java/JavaVirtualMachines/jdk1.7.0_25.jdk/Contents/Home/jre/lib/libnet.dylib
0x000000016cdac000 	/Library/Java/JavaVirtualMachines/jdk1.7.0_25.jdk/Contents/Home/jre/lib/libnio.dylib
0x0000000171b5a000 	cl_kernels
0x0000000173acd000 	/System/Library/Frameworks/OpenCL.framework/Versions/A/Libraries/ImageFormats/unorm8_bgra.dylib
0x0000000171b4c000 	cl_kernels

VM Arguments:
java_command: /Users/syk/Projects/openxal/build/jar/apps/virtualaccelerator.jar
Launcher Type: SUN_STANDARD

Environment Variables:
CLASSPATH=/Users/syk/Projects/xal/build/jar/xal.jar:/Users/syk/Projects/xal/build/jar/ext.jar:/Users/syk/Projects/xal/build/jar/services/pvloggertool.jar:/Users/syk/Projects/openxal/build/jar/lib/xal-core.jar:/Users/syk/Projects/openxal/build/jar/lib/xal-lib.jar
PATH=/usr/bin:/bin:/usr/sbin:/sbin:/usr/local/bin:/opt/local/bin:/opt/local/sbin
SHELL=/bin/bash

Signal Handlers:
SIGSEGV: [libjvm.dylib+0x4a820f], sa_mask[0]=0xfffefeff, sa_flags=0x00000042
SIGBUS: [libjvm.dylib+0x4a820f], sa_mask[0]=0xfffefeff, sa_flags=0x00000042
SIGFPE: [libjvm.dylib+0x3b7495], sa_mask[0]=0xfffefeff, sa_flags=0x00000042
SIGPIPE: [libjvm.dylib+0x3b7495], sa_mask[0]=0xfffefeff, sa_flags=0x00000042
SIGXFSZ: [libjvm.dylib+0x3b7495], sa_mask[0]=0xfffefeff, sa_flags=0x00000042
SIGILL: [libjvm.dylib+0x3b7495], sa_mask[0]=0xfffefeff, sa_flags=0x00000042
SIGUSR1: SIG_DFL, sa_mask[0]=0x63807efb, sa_flags=0x00000000
SIGUSR2: [libjvm.dylib+0x3b702e], sa_mask[0]=0x00000004, sa_flags=0x00000042
SIGHUP: [libjvm.dylib+0x3b528f], sa_mask[0]=0xfffefeff, sa_flags=0x00000042
SIGINT: [libjvm.dylib+0x3b528f], sa_mask[0]=0xfffefeff, sa_flags=0x00000042
SIGTERM: [libjvm.dylib+0x3b528f], sa_mask[0]=0xfffefeff, sa_flags=0x00000042
SIGQUIT: [libjvm.dylib+0x3b528f], sa_mask[0]=0xfffefeff, sa_flags=0x00000042


---------------  S Y S T E M  ---------------

OS:Bsduname:Darwin 12.3.0 Darwin Kernel Version 12.3.0: Sun Jan  6 22:37:10 PST 2013; root:xnu-2050.22.13~1/RELEASE_X86_64 x86_64
rlimit: STACK 8192k, CORE 0k, NPROC 709, NOFILE 10240, AS infinity
load average:0.97 0.98 0.97

CPU:total 2 (2 cores per cpu, 1 threads per core) family 6 model 23 stepping 10, cmov, cx8, fxsr, mmx, sse, sse2, sse3, ssse3, sse4.1, tsc

Memory: 4k page, physical 5826508k(1456627k free)

/proc/meminfo:


vm_info: Java HotSpot(TM) 64-Bit Server VM (23.25-b01) for bsd-amd64 JRE (1.7.0_25-b15), built on Jun  5 2013 22:26:36 by "java_re" with gcc 4.2.1 (Based on Apple Inc. build 5658) (LLVM build 2336.11.00)

time: Thu Jun 20 09:05:22 2013
elapsed time: 12 seconds

