#
# A fatal error has been detected by the Java Runtime Environment:
#
#  SIGBUS (0xa) at pc=0x000000010a8570d0, pid=23546, tid=4867
#
# JRE version: 7.0_25-b15
# Java VM: Java HotSpot(TM) 64-Bit Server VM (23.25-b01 mixed mode bsd-amd64 compressed oops)
# Problematic frame:
# C  [libzip.dylib+0x30d0]  newEntry+0x154
#
# Failed to write core dump. Core dumps have been disabled. To enable core dumping, try "ulimit -c unlimited" before starting Java again
#
# If you would like to submit a bug report, please visit:
#   http://bugreport.sun.com/bugreport/crash.jsp
# The crash happened outside the Java Virtual Machine in native code.
# See problematic frame for where to report the bug.
#

---------------  T H R E A D  ---------------

Current thread (0x00007f9453002800):  JavaThread "main" [_thread_in_native, id=4867, stack(0x000000010a688000,0x000000010a788000)]

siginfo:si_signo=SIGBUS: si_errno=0, si_code=2 (BUS_ADRERR), si_addr=0x000000017171cc09

Registers:
RAX=0x00007f9452882140, RBX=0x000000017171cbfd, RCX=0x0000000000000f01, RDX=0x0000000000010000
RSP=0x000000010a785410, RBP=0x000000010a785470, RSI=0x00007f9452800000, RDI=0x0000000109a9c400
R8 =0x0000000000000004, R9 =0x0000000000000010, R10=0x000000010a86ef64, R11=0x0000000000000004
R12=0x0000000000000231, R13=0x00007f94530b1200, R14=0x00007f9452882140, R15=0x00000000000000bb
RIP=0x000000010a8570d0, EFLAGS=0x0000000000010202, ERR=0x0000000000000004
  TRAPNO=0x000000000000000e

Top of Stack: (sp=0x000000010a785410)
0x000000010a785410:   0000000000000000 000000000a787a08
0x000000010a785420:   000000010a87a043 000000010a862410
0x000000010a785430:   000000010a785450 00007f9452882140
0x000000010a785440:   00007f94528f0ab0 00000000bb7d6e13
0x000000010a785450:   0000000000000231 00007f94530b1200
0x000000010a785460:   00007f9452882140 00000000000000bb
0x000000010a785470:   000000010a7854c0 000000010a857742
0x000000010a785480:   0000000000000038 0000003853002800
0x000000010a785490:   000000010a7854de 000000010a7859a8
0x000000010a7854a0:   0000000000000038 000000010a7854de
0x000000010a7854b0:   00007f9452882140 00007f94530029d8
0x000000010a7854c0:   000000010a785910 000000010a85659c
0x000000010a7854d0:   000000010a85d4f7 6178000100000001
0x000000010a7854e0:   63696c7070612f6c 6c702f6e6f697461
0x000000010a7854f0:   4d2f6d726f667461 6f74706164416361
0x000000010a785500:   69755163614d2472 72656c646e614874
0x000000010a785510:   00007373616c632e 000000010a86f48a
0x000000010a785520:   0000000100000027 00007f9453002800
0x000000010a785530:   000000000000001a 000000010d930650
0x000000010a785540:   000000000000005f 00007f9453002801
0x000000010a785550:   000000010a785550 0000000000000000
0x000000010a785560:   0000000000000000 000000010a785670
0x000000010a785570:   000000010a7855c0 0000000109e99b96
0x000000010a785580:   00007f9453002800 00007f9453002800
0x000000010a785590:   00007f9453002800 000000010d9506e8
0x000000010a7855a0:   000000010a785600 00007fff92c3630a
0x000000010a7855b0:   000000010a785858 00007f9453002800
0x000000010a7855c0:   0000000000000000 000000010a86f48a
0x000000010a7855d0:   000000010a785828 000000010a0b5c5e
0x000000010a7855e0:   0000000000000000 00007f945200c140
0x000000010a7855f0:   0000000000000002 00000000fffffffc
0x000000010a785600:   000000010a785a40 00007fff92c43ae9 

Instructions: (pc=0x000000010a8570d0)
0x000000010a8570b0:   49 8b 7f 38 e8 df 19 00 00 4d 89 77 38 49 89 5f
0x000000010a8570c0:   40 4c 89 f0 48 85 c0 0f 84 16 05 00 00 48 89 c3
0x000000010a8570d0:   0f b6 43 0c 0f b6 4b 0d 48 c1 e1 08 48 01 c1 0f
0x000000010a8570e0:   b6 43 0e 0f b6 53 0f 48 c1 e2 08 48 01 c2 48 c1 

Register to memory mapping:

RAX=0x00007f9452882140 is an unknown value
RBX=0x000000017171cbfd is an unknown value
RCX=0x0000000000000f01 is an unknown value
RDX=0x0000000000010000 is an unknown value
RSP=0x000000010a785410 is pointing into the stack for thread: 0x00007f9453002800
RBP=0x000000010a785470 is pointing into the stack for thread: 0x00007f9453002800
RSI=0x00007f9452800000 is an unknown value
RDI=0x0000000109a9c400 is an unknown value
R8 =0x0000000000000004 is an unknown value
R9 =0x0000000000000010 is an unknown value
R10=0x000000010a86ef64 is an Interpreter codelet
method entry point (kind = native)  [0x000000010a86ed00, 0x000000010a86f540]  2112 bytes
R11=0x0000000000000004 is an unknown value
R12=0x0000000000000231 is an unknown value
R13=0x00007f94530b1200 is an unknown value
R14=0x00007f9452882140 is an unknown value
R15=0x00000000000000bb is an unknown value


Stack: [0x000000010a688000,0x000000010a788000],  sp=0x000000010a785410,  free space=1013k
Native frames: (J=compiled Java code, j=interpreted, Vv=VM code, C=native code)
C  [libzip.dylib+0x30d0]  newEntry+0x154
C  [libzip.dylib+0x3742]  ZIP_GetEntry+0xa2
C  [libzip.dylib+0x259c]  Java_java_util_zip_ZipFile_getEntry+0xdd
j  java.util.zip.ZipFile.getEntry(J[BZ)J+0
j  java.util.zip.ZipFile.getEntry(Ljava/lang/String;)Ljava/util/zip/ZipEntry;+38
j  java.util.jar.JarFile.getEntry(Ljava/lang/String;)Ljava/util/zip/ZipEntry;+2
j  java.util.jar.JarFile.getJarEntry(Ljava/lang/String;)Ljava/util/jar/JarEntry;+2
j  sun.misc.URLClassPath$JarLoader.getResource(Ljava/lang/String;Z)Lsun/misc/Resource;+48
j  sun.misc.URLClassPath.getResource(Ljava/lang/String;Z)Lsun/misc/Resource;+53
j  java.net.URLClassLoader$1.run()Ljava/lang/Class;+26
j  java.net.URLClassLoader$1.run()Ljava/lang/Object;+1
v  ~StubRoutines::call_stub
V  [libjvm.dylib+0x28a5c3]
V  [libjvm.dylib+0x28a390]
V  [libjvm.dylib+0x2c5a8f]
j  java.security.AccessController.doPrivileged(Ljava/security/PrivilegedExceptionAction;Ljava/security/AccessControlContext;)Ljava/lang/Object;+0
j  java.net.URLClassLoader.findClass(Ljava/lang/String;)Ljava/lang/Class;+13
j  java.lang.ClassLoader.loadClass(Ljava/lang/String;Z)Ljava/lang/Class;+70
j  sun.misc.Launcher$AppClassLoader.loadClass(Ljava/lang/String;Z)Ljava/lang/Class;+36
j  java.lang.ClassLoader.loadClass(Ljava/lang/String;)Ljava/lang/Class;+3
v  ~StubRoutines::call_stub
V  [libjvm.dylib+0x28a5c3]
V  [libjvm.dylib+0x28aaa2]
V  [libjvm.dylib+0x28ab88]
V  [libjvm.dylib+0x4519bb]
V  [libjvm.dylib+0x451386]
V  [libjvm.dylib+0x451c01]
V  [libjvm.dylib+0x452013]
V  [libjvm.dylib+0x1b034e]
V  [libjvm.dylib+0x286d69]
j  xal.application.platform.MacAdaptor.initialize()V+68
j  xal.application.Application.<clinit>()V+23
v  ~StubRoutines::call_stub
V  [libjvm.dylib+0x28a5c3]
V  [libjvm.dylib+0x28a390]
V  [libjvm.dylib+0x25ee0b]
V  [libjvm.dylib+0x2602eb]
V  [libjvm.dylib+0x252743]
V  [libjvm.dylib+0x2600e6]
V  [libjvm.dylib+0x252743]
V  [libjvm.dylib+0x2600e6]
V  [libjvm.dylib+0x252743]
V  [libjvm.dylib+0x337975]
V  [libjvm.dylib+0x337a5b]
V  [libjvm.dylib+0x285d45]
j  xal.app.virtualaccelerator.Main.main([Ljava/lang/String;)V+19
v  ~StubRoutines::call_stub
V  [libjvm.dylib+0x28a5c3]
V  [libjvm.dylib+0x28a390]
V  [libjvm.dylib+0x2a5e70]
V  [libjvm.dylib+0x29f1c8]
C  [java+0x317e]  JavaMain+0x91d
C  [libsystem_c.dylib+0x147a2]  _pthread_start+0x147
C  [libsystem_c.dylib+0x11e1]  thread_start+0xd

Java frames: (J=compiled Java code, j=interpreted, Vv=VM code)
j  java.util.zip.ZipFile.getEntry(J[BZ)J+0
j  java.util.zip.ZipFile.getEntry(Ljava/lang/String;)Ljava/util/zip/ZipEntry;+38
j  java.util.jar.JarFile.getEntry(Ljava/lang/String;)Ljava/util/zip/ZipEntry;+2
j  java.util.jar.JarFile.getJarEntry(Ljava/lang/String;)Ljava/util/jar/JarEntry;+2
j  sun.misc.URLClassPath$JarLoader.getResource(Ljava/lang/String;Z)Lsun/misc/Resource;+48
j  sun.misc.URLClassPath.getResource(Ljava/lang/String;Z)Lsun/misc/Resource;+53
j  java.net.URLClassLoader$1.run()Ljava/lang/Class;+26
j  java.net.URLClassLoader$1.run()Ljava/lang/Object;+1
v  ~StubRoutines::call_stub
j  java.security.AccessController.doPrivileged(Ljava/security/PrivilegedExceptionAction;Ljava/security/AccessControlContext;)Ljava/lang/Object;+0
j  java.net.URLClassLoader.findClass(Ljava/lang/String;)Ljava/lang/Class;+13
j  java.lang.ClassLoader.loadClass(Ljava/lang/String;Z)Ljava/lang/Class;+70
j  sun.misc.Launcher$AppClassLoader.loadClass(Ljava/lang/String;Z)Ljava/lang/Class;+36
j  java.lang.ClassLoader.loadClass(Ljava/lang/String;)Ljava/lang/Class;+3
v  ~StubRoutines::call_stub
j  xal.application.platform.MacAdaptor.initialize()V+68
j  xal.application.Application.<clinit>()V+23
v  ~StubRoutines::call_stub
j  xal.app.virtualaccelerator.Main.main([Ljava/lang/String;)V+19
v  ~StubRoutines::call_stub

---------------  P R O C E S S  ---------------

Java Threads: ( => current thread )
  0x00007f94530c9800 JavaThread "AWT-Shutdown" [_thread_blocked, id=20743, stack(0x0000000171990000,0x0000000171a90000)]
  0x00007f94530b0800 JavaThread "AWT-AppKit" daemon [_thread_in_native, id=1799, stack(0x00007fff55981000,0x00007fff56181000)]
  0x00007f9452014000 JavaThread "Service Thread" daemon [_thread_blocked, id=20227, stack(0x00000001714c8000,0x00000001715c8000)]
  0x00007f945306b800 JavaThread "C2 CompilerThread1" daemon [_thread_blocked, id=19971, stack(0x00000001713c5000,0x00000001714c5000)]
  0x00007f945309e800 JavaThread "C2 CompilerThread0" daemon [_thread_blocked, id=19715, stack(0x00000001712c2000,0x00000001713c2000)]
  0x00007f9453073800 JavaThread "Signal Dispatcher" daemon [_thread_blocked, id=19459, stack(0x00000001711bf000,0x00000001712bf000)]
  0x00007f945305b800 JavaThread "Finalizer" daemon [_thread_blocked, id=15107, stack(0x0000000170eed000,0x0000000170fed000)]
  0x00007f9453055000 JavaThread "Reference Handler" daemon [_thread_blocked, id=14851, stack(0x0000000170dea000,0x0000000170eea000)]
=>0x00007f9453002800 JavaThread "main" [_thread_in_native, id=4867, stack(0x000000010a688000,0x000000010a788000)]

Other Threads:
  0x00007f9453052800 VMThread [stack: 0x0000000170ce7000,0x0000000170de7000] [id=14595]
  0x00007f9452012000 WatcherThread [stack: 0x00000001715cb000,0x00000001716cb000] [id=20483]

VM state:not at safepoint (normal execution)

VM Mutex/Monitor currently owned by a thread: None

Heap
 PSYoungGen      total 26624K, used 2761K [0x000000014e330000, 0x00000001500e0000, 0x000000016bf30000)
  eden space 22848K, 12% used [0x000000014e330000,0x000000014e5e2470,0x000000014f980000)
  from space 3776K, 0% used [0x000000014fd30000,0x000000014fd30000,0x00000001500e0000)
  to   space 3776K, 0% used [0x000000014f980000,0x000000014f980000,0x000000014fd30000)
 ParOldGen       total 60928K, used 0K [0x0000000112b30000, 0x00000001166b0000, 0x000000014e330000)
  object space 60928K, 0% used [0x0000000112b30000,0x0000000112b30000,0x00000001166b0000)
 PSPermGen       total 21248K, used 4046K [0x000000010d930000, 0x000000010edf0000, 0x0000000112b30000)
  object space 21248K, 19% used [0x000000010d930000,0x000000010dd23a88,0x000000010edf0000)

Card table byte_map: [0x000000016bf30000,0x000000016c224000] byte_map_base: 0x000000016b6c3680

Polling page: 0x000000010a7c7000

Code Cache  [0x000000010a85d000, 0x000000010aacd000, 0x000000010d85d000)
 total_blobs=196 nmethods=7 adapters=142 free_code_cache=48757Kb largest_free_block=49909504

Compilation events (10 events):
Event: 0.148 Thread 0x00007f945309e800    3             java.lang.String::indexOf (70 bytes)
Event: 0.150 Thread 0x00007f945309e800 nmethod 3 0x000000010a8bc550 code [0x000000010a8bc6a0, 0x000000010a8bc848]
Event: 0.204 Thread 0x00007f945306b800    4             java.lang.String::equals (81 bytes)
Event: 0.208 Thread 0x00007f945306b800 nmethod 4 0x000000010a8c0690 code [0x000000010a8c07e0, 0x000000010a8c0a78]
Event: 0.221 Thread 0x00007f945306b800    5             java.lang.String::lastIndexOf (52 bytes)
Event: 0.223 Thread 0x00007f945306b800 nmethod 5 0x000000010a8c02d0 code [0x000000010a8c0420, 0x000000010a8c05a8]
Event: 0.226 Thread 0x00007f945309e800    6             java.lang.String::indexOf (166 bytes)
Event: 0.226 Thread 0x00007f945306b800    7             java.lang.String::charAt (29 bytes)
Event: 0.227 Thread 0x00007f945306b800 nmethod 7 0x000000010a8c0010 code [0x000000010a8c0160, 0x000000010a8c0218]
Event: 0.237 Thread 0x00007f945309e800 nmethod 6 0x000000010a8c1d90 code [0x000000010a8c1ee0, 0x000000010a8c2358]

GC Heap History (0 events):
No events

Deoptimization events (0 events):
No events

Internal exceptions (10 events):
Event: 0.220 Thread 0x00007f9453002800 Threw 0x000000014e4c69d8 at /HUDSON/workspace/jdk7u25-2-build-macosx-amd64-product/jdk7u25/hotspot/src/share/vm/prims/jvm.cpp:1235
Event: 0.221 Thread 0x00007f9453002800 Threw 0x000000014e4cc2e8 at /HUDSON/workspace/jdk7u25-2-build-macosx-amd64-product/jdk7u25/hotspot/src/share/vm/prims/jvm.cpp:1235
Event: 0.223 Thread 0x00007f9453002800 Threw 0x000000014e4d1438 at /HUDSON/workspace/jdk7u25-2-build-macosx-amd64-product/jdk7u25/hotspot/src/share/vm/prims/jvm.cpp:1235
Event: 0.224 Thread 0x00007f9453002800 Threw 0x000000014e4d5fb8 at /HUDSON/workspace/jdk7u25-2-build-macosx-amd64-product/jdk7u25/hotspot/src/share/vm/prims/jvm.cpp:1235
Event: 0.225 Thread 0x00007f9453002800 Threw 0x000000014e4db950 at /HUDSON/workspace/jdk7u25-2-build-macosx-amd64-product/jdk7u25/hotspot/src/share/vm/prims/jvm.cpp:1235
Event: 0.225 Thread 0x00007f9453002800 Threw 0x000000014e4e0cb0 at /HUDSON/workspace/jdk7u25-2-build-macosx-amd64-product/jdk7u25/hotspot/src/share/vm/prims/jvm.cpp:1235
Event: 0.226 Thread 0x00007f9453002800 Threw 0x000000014e4e80d0 at /HUDSON/workspace/jdk7u25-2-build-macosx-amd64-product/jdk7u25/hotspot/src/share/vm/prims/jvm.cpp:1235
Event: 0.228 Thread 0x00007f9453002800 Threw 0x000000014e4eeed8 at /HUDSON/workspace/jdk7u25-2-build-macosx-amd64-product/jdk7u25/hotspot/src/share/vm/prims/jvm.cpp:1235
Event: 0.236 Thread 0x00007f9453002800 Threw 0x000000014e506f88 at /HUDSON/workspace/jdk7u25-2-build-macosx-amd64-product/jdk7u25/hotspot/src/share/vm/prims/jvm.cpp:1235
Event: 1.133 Thread 0x00007f9453002800 Threw 0x000000014e5134c8 at /HUDSON/workspace/jdk7u25-2-build-macosx-amd64-product/jdk7u25/hotspot/src/share/vm/prims/jvm.cpp:1235

Events (10 events):
Event: 1.132 loading class 0x00007f945289c2f0 done
Event: 1.132 loading class 0x00007f945288d9b0 done
Event: 1.132 loading class 0x00007f94528e86b0
Event: 1.132 loading class 0x00007f94528e86b0 done
Event: 1.132 loading class 0x00007f945283a690
Event: 1.133 loading class 0x00007f945283a690 done
Event: 1.133 loading class 0x00007f945283a6c0
Event: 1.133 loading class 0x00007f945283a6c0 done
Event: 1.133 loading class 0x00007f9451c32ff0
Event: 1.133 loading class 0x00007f9451c32ff0 done


Dynamic libraries:
0x000000000b724000 	/System/Library/Frameworks/Cocoa.framework/Versions/A/Cocoa
0x000000000b724000 	/System/Library/Frameworks/Security.framework/Versions/A/Security
0x000000000b724000 	/System/Library/Frameworks/ApplicationServices.framework/Versions/A/ApplicationServices
0x000000000b724000 	/usr/lib/libz.1.dylib
0x000000000b724000 	/usr/lib/libSystem.B.dylib
0x000000000b724000 	/usr/lib/libobjc.A.dylib
0x000000000b724000 	/System/Library/Frameworks/CoreFoundation.framework/Versions/A/CoreFoundation
0x000000000b724000 	/System/Library/Frameworks/AppKit.framework/Versions/C/AppKit
0x000000000b724000 	/System/Library/Frameworks/CoreData.framework/Versions/A/CoreData
0x000000000b724000 	/System/Library/Frameworks/Foundation.framework/Versions/C/Foundation
0x000000000b724000 	/System/Library/PrivateFrameworks/RemoteViewServices.framework/Versions/A/RemoteViewServices
0x000000000b724000 	/System/Library/Frameworks/AudioToolbox.framework/Versions/A/AudioToolbox
0x000000000b724000 	/System/Library/Frameworks/AudioUnit.framework/Versions/A/AudioUnit
0x000000000b724000 	/System/Library/PrivateFrameworks/DataDetectorsCore.framework/Versions/A/DataDetectorsCore
0x000000000b724000 	/System/Library/PrivateFrameworks/DesktopServicesPriv.framework/Versions/A/DesktopServicesPriv
0x000000000b724000 	/System/Library/Frameworks/Carbon.framework/Versions/A/Frameworks/HIToolbox.framework/Versions/A/HIToolbox
0x000000000b724000 	/System/Library/Frameworks/QuartzCore.framework/Versions/A/QuartzCore
0x000000000b724000 	/System/Library/Frameworks/Carbon.framework/Versions/A/Frameworks/SpeechRecognition.framework/Versions/A/SpeechRecognition
0x000000000b724000 	/usr/lib/libauto.dylib
0x000000000b724000 	/usr/lib/libicucore.A.dylib
0x000000000b724000 	/usr/lib/libxml2.2.dylib
0x000000000b724000 	/System/Library/PrivateFrameworks/CoreUI.framework/Versions/A/CoreUI
0x000000000b724000 	/System/Library/Frameworks/CoreAudio.framework/Versions/A/CoreAudio
0x000000000b724000 	/System/Library/Frameworks/DiskArbitration.framework/Versions/A/DiskArbitration
0x000000000b724000 	/usr/lib/liblangid.dylib
0x000000000b724000 	/System/Library/PrivateFrameworks/MultitouchSupport.framework/Versions/A/MultitouchSupport
0x000000000b724000 	/System/Library/Frameworks/IOKit.framework/Versions/A/IOKit
0x000000000b724000 	/usr/lib/libDiagnosticMessagesClient.dylib
0x000000000b724000 	/System/Library/Frameworks/CoreServices.framework/Versions/A/CoreServices
0x000000000b724000 	/System/Library/PrivateFrameworks/PerformanceAnalysis.framework/Versions/A/PerformanceAnalysis
0x000000000b724000 	/System/Library/PrivateFrameworks/GenerationalStorage.framework/Versions/A/GenerationalStorage
0x000000000b724000 	/System/Library/Frameworks/OpenGL.framework/Versions/A/OpenGL
0x000000000b724000 	/System/Library/Frameworks/CoreText.framework/Versions/A/CoreText
0x000000000b724000 	/System/Library/Frameworks/ImageIO.framework/Versions/A/ImageIO
0x000000000b724000 	/System/Library/PrivateFrameworks/Backup.framework/Versions/A/Backup
0x000000000b724000 	/System/Library/Frameworks/CFNetwork.framework/Versions/A/CFNetwork
0x000000000b724000 	/System/Library/Frameworks/SystemConfiguration.framework/Versions/A/SystemConfiguration
0x000000000b724000 	/usr/lib/libCRFSuite.dylib
0x000000000b724000 	/System/Library/PrivateFrameworks/TCC.framework/Versions/A/TCC
0x000000000b724000 	/usr/lib/libc++.1.dylib
0x000000000b724000 	/usr/lib/libc++abi.dylib
0x000000000b724000 	/usr/lib/system/libcache.dylib
0x000000000b724000 	/usr/lib/system/libcommonCrypto.dylib
0x000000000b724000 	/usr/lib/system/libcompiler_rt.dylib
0x000000000b724000 	/usr/lib/system/libcopyfile.dylib
0x000000000b724000 	/usr/lib/system/libdispatch.dylib
0x000000000b724000 	/usr/lib/system/libdnsinfo.dylib
0x000000000b724000 	/usr/lib/system/libdyld.dylib
0x000000000b724000 	/usr/lib/system/libkeymgr.dylib
0x000000000b724000 	/usr/lib/system/liblaunch.dylib
0x000000000b724000 	/usr/lib/system/libmacho.dylib
0x000000000b724000 	/usr/lib/system/libquarantine.dylib
0x000000000b724000 	/usr/lib/system/libremovefile.dylib
0x000000000b724000 	/usr/lib/system/libsystem_blocks.dylib
0x000000000b724000 	/usr/lib/system/libsystem_c.dylib
0x000000000b724000 	/usr/lib/system/libsystem_dnssd.dylib
0x000000000b724000 	/usr/lib/system/libsystem_info.dylib
0x000000000b724000 	/usr/lib/system/libsystem_kernel.dylib
0x000000000b724000 	/usr/lib/system/libsystem_m.dylib
0x000000000b724000 	/usr/lib/system/libsystem_network.dylib
0x000000000b724000 	/usr/lib/system/libsystem_notify.dylib
0x000000000b724000 	/usr/lib/system/libsystem_sandbox.dylib
0x000000000b724000 	/usr/lib/system/libunc.dylib
0x000000000b724000 	/usr/lib/system/libunwind.dylib
0x000000000b724000 	/usr/lib/system/libxpc.dylib
0x000000000b724000 	/usr/lib/system/libcorecrypto.dylib
0x000000000b724000 	/usr/lib/libstdc++.6.dylib
0x000000000b724000 	/usr/lib/libbsm.0.dylib
0x000000000b724000 	/usr/lib/libsqlite3.dylib
0x000000000b724000 	/usr/lib/libxar.1.dylib
0x000000000b724000 	/usr/lib/libpam.2.dylib
0x000000000b724000 	/usr/lib/libOpenScriptingUtil.dylib
0x000000000b724000 	/usr/lib/libbz2.1.0.dylib
0x000000000b724000 	/System/Library/Frameworks/CoreServices.framework/Versions/A/Frameworks/CarbonCore.framework/Versions/A/CarbonCore
0x000000000b724000 	/System/Library/Frameworks/CoreServices.framework/Versions/A/Frameworks/Metadata.framework/Versions/A/Metadata
0x000000000b724000 	/System/Library/Frameworks/CoreServices.framework/Versions/A/Frameworks/OSServices.framework/Versions/A/OSServices
0x000000000b724000 	/System/Library/Frameworks/CoreServices.framework/Versions/A/Frameworks/SearchKit.framework/Versions/A/SearchKit
0x000000000b724000 	/System/Library/Frameworks/CoreServices.framework/Versions/A/Frameworks/AE.framework/Versions/A/AE
0x000000000b724000 	/System/Library/Frameworks/CoreServices.framework/Versions/A/Frameworks/LaunchServices.framework/Versions/A/LaunchServices
0x000000000b724000 	/System/Library/Frameworks/CoreServices.framework/Versions/A/Frameworks/DictionaryServices.framework/Versions/A/DictionaryServices
0x000000000b724000 	/System/Library/Frameworks/NetFS.framework/Versions/A/NetFS
0x000000000b724000 	/usr/lib/system/libkxld.dylib
0x000000000b724000 	/System/Library/PrivateFrameworks/NetAuth.framework/Versions/A/NetAuth
0x000000000b724000 	/System/Library/Frameworks/OpenDirectory.framework/Versions/A/Frameworks/CFOpenDirectory.framework/Versions/A/CFOpenDirectory
0x000000000b724000 	/usr/lib/libxslt.1.dylib
0x000000000b724000 	/System/Library/PrivateFrameworks/FamilyControls.framework/Versions/A/FamilyControls
0x000000000b724000 	/System/Library/Frameworks/Carbon.framework/Versions/A/Frameworks/Ink.framework/Versions/A/Ink
0x000000000b724000 	/System/Library/Frameworks/ApplicationServices.framework/Versions/A/Frameworks/CoreGraphics.framework/Versions/A/CoreGraphics
0x000000000b724000 	/System/Library/Frameworks/ApplicationServices.framework/Versions/A/Frameworks/ATS.framework/Versions/A/ATS
0x000000000b724000 	/System/Library/Frameworks/ApplicationServices.framework/Versions/A/Frameworks/ColorSync.framework/Versions/A/ColorSync
0x000000000b724000 	/System/Library/Frameworks/ApplicationServices.framework/Versions/A/Frameworks/HIServices.framework/Versions/A/HIServices
0x000000000b724000 	/System/Library/Frameworks/ApplicationServices.framework/Versions/A/Frameworks/LangAnalysis.framework/Versions/A/LangAnalysis
0x000000000b724000 	/System/Library/Frameworks/ApplicationServices.framework/Versions/A/Frameworks/PrintCore.framework/Versions/A/PrintCore
0x000000000b724000 	/System/Library/Frameworks/ApplicationServices.framework/Versions/A/Frameworks/QD.framework/Versions/A/QD
0x000000000b724000 	/System/Library/Frameworks/ApplicationServices.framework/Versions/A/Frameworks/SpeechSynthesis.framework/Versions/A/SpeechSynthesis
0x000000000b724000 	/System/Library/Frameworks/IOSurface.framework/Versions/A/IOSurface
0x000000000b724000 	/System/Library/Frameworks/Accelerate.framework/Versions/A/Accelerate
0x000000000b724000 	/System/Library/Frameworks/ApplicationServices.framework/Versions/A/Frameworks/ATS.framework/Versions/A/Resources/libFontParser.dylib
0x000000000b724000 	/System/Library/Frameworks/ApplicationServices.framework/Versions/A/Frameworks/ATS.framework/Versions/A/Resources/libFontRegistry.dylib
0x000000000b724000 	/System/Library/Frameworks/Accelerate.framework/Versions/A/Frameworks/vImage.framework/Versions/A/vImage
0x000000000b724000 	/System/Library/Frameworks/Accelerate.framework/Versions/A/Frameworks/vecLib.framework/Versions/A/vecLib
0x000000000b724000 	/System/Library/Frameworks/Accelerate.framework/Versions/A/Frameworks/vecLib.framework/Versions/A/libvDSP.dylib
0x000000000b724000 	/System/Library/Frameworks/Accelerate.framework/Versions/A/Frameworks/vecLib.framework/Versions/A/libvMisc.dylib
0x000000000b724000 	/System/Library/Frameworks/Accelerate.framework/Versions/A/Frameworks/vecLib.framework/Versions/A/libLAPACK.dylib
0x000000000b724000 	/System/Library/Frameworks/Accelerate.framework/Versions/A/Frameworks/vecLib.framework/Versions/A/libBLAS.dylib
0x000000000b724000 	/System/Library/Frameworks/ImageIO.framework/Versions/A/Resources/libJPEG.dylib
0x000000000b724000 	/System/Library/Frameworks/ImageIO.framework/Versions/A/Resources/libTIFF.dylib
0x000000000b724000 	/System/Library/Frameworks/ImageIO.framework/Versions/A/Resources/libPng.dylib
0x000000000b724000 	/System/Library/Frameworks/ImageIO.framework/Versions/A/Resources/libGIF.dylib
0x000000000b724000 	/System/Library/Frameworks/ImageIO.framework/Versions/A/Resources/libJP2.dylib
0x000000000b724000 	/System/Library/Frameworks/ImageIO.framework/Versions/A/Resources/libRadiance.dylib
0x000000000b724000 	/usr/lib/libcups.2.dylib
0x000000000b724000 	/System/Library/Frameworks/Kerberos.framework/Versions/A/Kerberos
0x000000000b724000 	/System/Library/Frameworks/GSS.framework/Versions/A/GSS
0x000000000b724000 	/usr/lib/libresolv.9.dylib
0x000000000b724000 	/usr/lib/libiconv.2.dylib
0x000000000b724000 	/System/Library/PrivateFrameworks/Heimdal.framework/Versions/A/Heimdal
0x000000000b724000 	/System/Library/PrivateFrameworks/TrustEvaluationAgent.framework/Versions/A/TrustEvaluationAgent
0x000000000b724000 	/System/Library/Frameworks/OpenDirectory.framework/Versions/A/OpenDirectory
0x000000000b724000 	/System/Library/PrivateFrameworks/CommonAuth.framework/Versions/A/CommonAuth
0x000000000b724000 	/System/Library/PrivateFrameworks/Bom.framework/Versions/A/Bom
0x000000000b724000 	/System/Library/Frameworks/CoreVideo.framework/Versions/A/CoreVideo
0x000000000b724000 	/System/Library/Frameworks/QuartzCore.framework/Versions/A/Frameworks/CoreImage.framework/Versions/A/CoreImage
0x000000000b724000 	/System/Library/Frameworks/QuartzCore.framework/Versions/A/Frameworks/ScalableUserInterface.framework/Versions/A/ScalableUserInterface
0x000000000b724000 	/System/Library/Frameworks/OpenGL.framework/Versions/A/Libraries/libGLU.dylib
0x000000000b724000 	/System/Library/Frameworks/OpenGL.framework/Versions/A/Libraries/libGFXShared.dylib
0x000000000b724000 	/System/Library/Frameworks/OpenGL.framework/Versions/A/Libraries/libGL.dylib
0x000000000b724000 	/System/Library/Frameworks/OpenGL.framework/Versions/A/Libraries/libGLImage.dylib
0x000000000b724000 	/System/Library/Frameworks/OpenGL.framework/Versions/A/Libraries/libCVMSPluginSupport.dylib
0x000000000b724000 	/System/Library/Frameworks/OpenGL.framework/Versions/A/Libraries/libCoreVMClient.dylib
0x000000000b724000 	/System/Library/PrivateFrameworks/CrashReporterSupport.framework/Versions/A/CrashReporterSupport
0x000000000b724000 	/System/Library/Frameworks/OpenCL.framework/Versions/A/OpenCL
0x000000000b724000 	/System/Library/PrivateFrameworks/FaceCoreLight.framework/Versions/A/FaceCoreLight
0x000000000b724000 	/System/Library/PrivateFrameworks/AppleFSCompression.framework/Versions/A/AppleFSCompression
0x000000000b724000 	/System/Library/PrivateFrameworks/Ubiquity.framework/Versions/A/Ubiquity
0x000000000b724000 	/System/Library/Frameworks/ServiceManagement.framework/Versions/A/ServiceManagement
0x000000000b724000 	/System/Library/PrivateFrameworks/ChunkingLibrary.framework/Versions/A/ChunkingLibrary
0x000000000b724000 	/System/Library/Frameworks/vecLib.framework/Versions/A/vecLib
0x000000000b724000 	/System/Library/Frameworks/SecurityFoundation.framework/Versions/A/SecurityFoundation
0x000000000b724000 	/System/Library/PrivateFrameworks/CommerceKit.framework/Versions/A/Frameworks/CommerceCore.framework/Versions/A/CommerceCore
0x000000000b724000 	/System/Library/PrivateFrameworks/CoreSymbolication.framework/Versions/A/CoreSymbolication
0x000000000b724000 	/System/Library/PrivateFrameworks/Symbolication.framework/Versions/A/Symbolication
0x000000000b724000 	/System/Library/PrivateFrameworks/DebugSymbols.framework/Versions/A/DebugSymbols
0x0000000109bde000 	/Library/Java/JavaVirtualMachines/jdk1.7.0_25.jdk/Contents/Home/jre/lib/server/libjvm.dylib
0x000000010a78a000 	/Library/Java/JavaVirtualMachines/jdk1.7.0_25.jdk/Contents/Home/jre/lib/libverify.dylib
0x000000010a797000 	/Library/Java/JavaVirtualMachines/jdk1.7.0_25.jdk/Contents/Home/jre/lib/libjava.dylib
0x000000010a854000 	/Library/Java/JavaVirtualMachines/jdk1.7.0_25.jdk/Contents/Home/jre/lib/libzip.dylib
0x0000000170fef000 	/System/Library/Frameworks/JavaVM.framework/Frameworks/JavaRuntimeSupport.framework/JavaRuntimeSupport
0x0000000171007000 	/System/Library/Frameworks/JavaVM.framework/Versions/A/Frameworks/JavaNativeFoundation.framework/Versions/A/JavaNativeFoundation
0x000000017101c000 	/System/Library/Frameworks/JavaVM.framework/Versions/A/JavaVM
0x000000000b724000 	/System/Library/Frameworks/Carbon.framework/Versions/A/Carbon
0x0000000171029000 	/System/Library/PrivateFrameworks/JavaLaunching.framework/Versions/A/JavaLaunching
0x000000000b724000 	/System/Library/Frameworks/Carbon.framework/Versions/A/Frameworks/CommonPanels.framework/Versions/A/CommonPanels
0x000000000b724000 	/System/Library/Frameworks/Carbon.framework/Versions/A/Frameworks/Help.framework/Versions/A/Help
0x000000000b724000 	/System/Library/Frameworks/Carbon.framework/Versions/A/Frameworks/ImageCapture.framework/Versions/A/ImageCapture
0x000000000b724000 	/System/Library/Frameworks/Carbon.framework/Versions/A/Frameworks/OpenScripting.framework/Versions/A/OpenScripting
0x000000000b724000 	/System/Library/Frameworks/Carbon.framework/Versions/A/Frameworks/Print.framework/Versions/A/Print
0x000000000b724000 	/System/Library/Frameworks/Carbon.framework/Versions/A/Frameworks/SecurityHI.framework/Versions/A/SecurityHI
0x000000017173d000 	/Library/Java/JavaVirtualMachines/jdk1.7.0_25.jdk/Contents/Home/jre/lib/libawt.dylib
0x00000001717ed000 	/Library/Java/JavaVirtualMachines/jdk1.7.0_25.jdk/Contents/Home/jre/lib/./libmlib_image.dylib
0x00000001718b9000 	/Library/Java/JavaVirtualMachines/jdk1.7.0_25.jdk/Contents/Home/jre/lib/lwawt/liblwawt.dylib
0x000000017196c000 	/Library/Java/JavaVirtualMachines/jdk1.7.0_25.jdk/Contents/Home/jre/lib/libosxapp.dylib
0x0000000171988000 	/System/Library/Frameworks/ExceptionHandling.framework/Versions/A/ExceptionHandling
0x000000000b724000 	/System/Library/PrivateFrameworks/CoreServicesInternal.framework/Versions/A/CoreServicesInternal
0x000000000b724000 	/System/Library/PrivateFrameworks/Librarian.framework/Versions/A/Librarian
0x000000000b724000 	/System/Library/Frameworks/ApplicationServices.framework/Versions/A/Frameworks/CoreGraphics.framework/Versions/A/Resources/libCSync.A.dylib
0x000000000b724000 	/System/Library/Frameworks/ApplicationServices.framework/Versions/A/Frameworks/CoreGraphics.framework/Versions/A/Resources/libRIP.A.dylib
0x000000000b724000 	/System/Library/Frameworks/ApplicationServices.framework/Versions/A/Frameworks/CoreGraphics.framework/Versions/A/Resources/libCGXType.A.dylib

VM Arguments:
java_command: /Users/syk/Projects/openxal/build/jar/apps/virtualaccelerator.jar
Launcher Type: SUN_STANDARD

Environment Variables:
CLASSPATH=/Users/syk/Projects/xal/build/jar/xal.jar:/Users/syk/Projects/xal/build/jar/ext.jar:/Users/syk/Projects/xal/build/jar/services/pvloggertool.jar:/Users/syk/Projects/openxal/build/jar/lib/xal-core.jar:/Users/syk/Projects/openxal/build/jar/lib/xal-lib.jar
PATH=/usr/bin:/bin:/usr/sbin:/sbin:/usr/local/bin:/opt/local/bin:/opt/local/sbin
SHELL=/bin/bash

Signal Handlers:
SIGSEGV: [libjvm.dylib+0x4a820f], sa_mask[0]=0xfffefeff, sa_flags=0x00000042
SIGBUS: [libjvm.dylib+0x4a820f], sa_mask[0]=0xfffefeff, sa_flags=0x00000042
SIGFPE: [libjvm.dylib+0x3b7495], sa_mask[0]=0xfffefeff, sa_flags=0x00000042
SIGPIPE: [libjvm.dylib+0x3b7495], sa_mask[0]=0xfffefeff, sa_flags=0x00000042
SIGXFSZ: [libjvm.dylib+0x3b7495], sa_mask[0]=0xfffefeff, sa_flags=0x00000042
SIGILL: [libjvm.dylib+0x3b7495], sa_mask[0]=0xfffefeff, sa_flags=0x00000042
SIGUSR1: SIG_DFL, sa_mask[0]=0x63807efb, sa_flags=0x00000000
SIGUSR2: [libjvm.dylib+0x3b702e], sa_mask[0]=0x00000004, sa_flags=0x00000042
SIGHUP: [libjvm.dylib+0x3b528f], sa_mask[0]=0xfffefeff, sa_flags=0x00000042
SIGINT: [libjvm.dylib+0x3b528f], sa_mask[0]=0xfffefeff, sa_flags=0x00000042
SIGTERM: [libjvm.dylib+0x3b528f], sa_mask[0]=0xfffefeff, sa_flags=0x00000042
SIGQUIT: [libjvm.dylib+0x3b528f], sa_mask[0]=0xfffefeff, sa_flags=0x00000042


---------------  S Y S T E M  ---------------

OS:Bsduname:Darwin 12.3.0 Darwin Kernel Version 12.3.0: Sun Jan  6 22:37:10 PST 2013; root:xnu-2050.22.13~1/RELEASE_X86_64 x86_64
rlimit: STACK 8192k, CORE 0k, NPROC 709, NOFILE 10240, AS infinity
load average:1.56 1.32 1.26

CPU:total 2 (2 cores per cpu, 1 threads per core) family 6 model 23 stepping 10, cmov, cx8, fxsr, mmx, sse, sse2, sse3, ssse3, sse4.1, tsc

Memory: 4k page, physical 5843684k(1460921k free)

/proc/meminfo:


vm_info: Java HotSpot(TM) 64-Bit Server VM (23.25-b01) for bsd-amd64 JRE (1.7.0_25-b15), built on Jun  5 2013 22:26:36 by "java_re" with gcc 4.2.1 (Based on Apple Inc. build 5658) (LLVM build 2336.11.00)

time: Thu Jun 20 15:53:12 2013
elapsed time: 1 seconds

