#
# A fatal error has been detected by the Java Runtime Environment:
#
#  SIGBUS (0xa) at pc=0x00000001084590d0, pid=18104, tid=5891
#
# JRE version: 7.0_25-b15
# Java VM: Java HotSpot(TM) 64-Bit Server VM (23.25-b01 mixed mode bsd-amd64 compressed oops)
# Problematic frame:
# C  [libzip.dylib+0x30d0]  newEntry+0x154
#
# Failed to write core dump. Core dumps have been disabled. To enable core dumping, try "ulimit -c unlimited" before starting Java again
#
# If you would like to submit a bug report, please visit:
#   http://bugreport.sun.com/bugreport/crash.jsp
# The crash happened outside the Java Virtual Machine in native code.
# See problematic frame for where to report the bug.
#

---------------  T H R E A D  ---------------

Current thread (0x00007faccd002800):  JavaThread "main" [_thread_in_native, id=5891, stack(0x000000010828a000,0x000000010838a000)]

siginfo:si_signo=SIGBUS: si_errno=0, si_code=2 (BUS_ADRERR), si_addr=0x000000016f7dad09

Registers:
RAX=0x00007faccbc71370, RBX=0x000000016f7dacfd, RCX=0x0000000000000601, RDX=0x0000000040000000
RSP=0x0000000108387c80, RBP=0x0000000108387ce0, RSI=0x00007facccc00000, RDI=0x000000010769e400
R8 =0x0000000000000004, R9 =0x000000000000001e, R10=0x0000000000000050, R11=0x0000000000000004
R12=0x000000000000095a, R13=0x00007faccc0cca00, R14=0x00007faccbc71370, R15=0x000000000000031e
RIP=0x00000001084590d0, EFLAGS=0x0000000000010202, ERR=0x0000000000000004
  TRAPNO=0x000000000000000e

Top of Stack: (sp=0x0000000108387c80)
0x0000000108387c80:   0000000000000000 00000000083897a8
0x0000000108387c90:   000000010847c9db 0000000108464410
0x0000000108387ca0:   0000000108387cc0 00007faccbc71370
0x0000000108387cb0:   00007facccc61f90 0000000094b51ae4
0x0000000108387cc0:   000000000000095a 00007faccc0cca00
0x0000000108387cd0:   00007faccbc71370 000000000000031e
0x0000000108387ce0:   0000000108387d30 0000000108459742
0x0000000108387cf0:   0000000000000035 00000035cd002800
0x0000000108387d00:   0000000108387d4e 0000000108388218
0x0000000108387d10:   0000000000000035 0000000108387d4e
0x0000000108387d20:   00007faccbc71370 00007faccd0029d8
0x0000000108387d30:   0000000108388180 000000010845859c
0x0000000108387d40:   000000010845f4f7 6178000100000001
0x0000000108387d50:   2f736c6f6f742f6c 736c697475707061
0x0000000108387d60:   442f73656c69662f 6f46746c75616665
0x0000000108387d70:   656363417265646c 6c632e79726f7373
0x0000000108387d80:   0000000000737361 0000000108387e20
0x0000000108387d90:   0000000108387de8 00007faccd002800
0x0000000108387da0:   0000000108387e00 00000001084dd82a
0x0000000108387db0:   0000000000000027 000000014c996f38
0x0000000108387dc0:   0000000108387e00 000000014c996f98
0x0000000108387dd0:   0000000108387e20 0000000108387ea8
0x0000000108387de0:   0000000108387e00 0000000000000000
0x0000000108387df0:   0000000000000000 0000000108387e78
0x0000000108387e00:   0000000108387e50 0000000107a9bb96
0x0000000108387e10:   0000000108387e70 00007fff92c3630a
0x0000000108387e20:   00000001083880c8 000000010b5506e8
0x0000000108387e30:   0000000000000000 0000000108387ed0
0x0000000108387e40:   0000000108388098 0000000107cb7c5e
0x0000000108387e50:   0000000000000000 00007faccd000740
0x0000000108387e60:   0000000000000002 00000000fffffffc
0x0000000108387e70:   00000001083882b0 00007fff92c43ae9 

Instructions: (pc=0x00000001084590d0)
0x00000001084590b0:   49 8b 7f 38 e8 df 19 00 00 4d 89 77 38 49 89 5f
0x00000001084590c0:   40 4c 89 f0 48 85 c0 0f 84 16 05 00 00 48 89 c3
0x00000001084590d0:   0f b6 43 0c 0f b6 4b 0d 48 c1 e1 08 48 01 c1 0f
0x00000001084590e0:   b6 43 0e 0f b6 53 0f 48 c1 e2 08 48 01 c2 48 c1 

Register to memory mapping:

RAX=0x00007faccbc71370 is an unknown value
RBX=0x000000016f7dacfd is an unknown value
RCX=0x0000000000000601 is an unknown value
RDX=0x0000000040000000 is an unknown value
RSP=0x0000000108387c80 is pointing into the stack for thread: 0x00007faccd002800
RBP=0x0000000108387ce0 is pointing into the stack for thread: 0x00007faccd002800
RSI=0x00007facccc00000 is an unknown value
RDI=0x000000010769e400 is an unknown value
R8 =0x0000000000000004 is an unknown value
R9 =0x000000000000001e is an unknown value
R10=0x0000000000000050 is an unknown value
R11=0x0000000000000004 is an unknown value
R12=0x000000000000095a is an unknown value
R13=0x00007faccc0cca00 is an unknown value
R14=0x00007faccbc71370 is an unknown value
R15=0x000000000000031e is an unknown value


Stack: [0x000000010828a000,0x000000010838a000],  sp=0x0000000108387c80,  free space=1015k
Native frames: (J=compiled Java code, j=interpreted, Vv=VM code, C=native code)
C  [libzip.dylib+0x30d0]  newEntry+0x154
C  [libzip.dylib+0x3742]  ZIP_GetEntry+0xa2
C  [libzip.dylib+0x259c]  Java_java_util_zip_ZipFile_getEntry+0xdd
j  java.util.zip.ZipFile.getEntry(J[BZ)J+0
j  java.util.zip.ZipFile.getEntry(Ljava/lang/String;)Ljava/util/zip/ZipEntry;+38
j  java.util.jar.JarFile.getEntry(Ljava/lang/String;)Ljava/util/zip/ZipEntry;+2
j  java.util.jar.JarFile.getJarEntry(Ljava/lang/String;)Ljava/util/jar/JarEntry;+2
j  sun.misc.URLClassPath$JarLoader.getResource(Ljava/lang/String;Z)Lsun/misc/Resource;+48
j  sun.misc.URLClassPath.getResource(Ljava/lang/String;Z)Lsun/misc/Resource;+53
j  java.net.URLClassLoader$1.run()Ljava/lang/Class;+26
j  java.net.URLClassLoader$1.run()Ljava/lang/Object;+1
v  ~StubRoutines::call_stub
V  [libjvm.dylib+0x28a5c3]
V  [libjvm.dylib+0x28a390]
V  [libjvm.dylib+0x2c5a8f]
j  java.security.AccessController.doPrivileged(Ljava/security/PrivilegedExceptionAction;Ljava/security/AccessControlContext;)Ljava/lang/Object;+0
j  java.net.URLClassLoader.findClass(Ljava/lang/String;)Ljava/lang/Class;+13
j  java.lang.ClassLoader.loadClass(Ljava/lang/String;Z)Ljava/lang/Class;+70
j  sun.misc.Launcher$AppClassLoader.loadClass(Ljava/lang/String;Z)Ljava/lang/Class;+36
j  java.lang.ClassLoader.loadClass(Ljava/lang/String;)Ljava/lang/Class;+3
v  ~StubRoutines::call_stub
V  [libjvm.dylib+0x28a5c3]
V  [libjvm.dylib+0x28aaa2]
V  [libjvm.dylib+0x28ab88]
V  [libjvm.dylib+0x4519bb]
V  [libjvm.dylib+0x451386]
V  [libjvm.dylib+0x451c01]
V  [libjvm.dylib+0x452013]
V  [libjvm.dylib+0x1b034e]
V  [libjvm.dylib+0x286d69]
j  xal.smf.application.AcceleratorApplication.setup([Ljava/net/URL;)V+12
j  xal.application.Application.<init>(Lxal/application/AbstractApplicationAdaptor;[Ljava/net/URL;)V+50
j  xal.application.FrameApplication.<init>(Lxal/application/ApplicationAdaptor;[Ljava/net/URL;)V+3
j  xal.smf.application.AcceleratorApplication.<init>(Lxal/application/ApplicationAdaptor;[Ljava/net/URL;)V+3
j  xal.smf.application.AcceleratorApplication.launch(Lxal/application/ApplicationAdaptor;[Ljava/net/URL;)V+6
j  xal.smf.application.AcceleratorApplication.launch(Lxal/application/ApplicationAdaptor;)V+4
j  xal.app.virtualaccelerator.Main.main([Ljava/lang/String;)V+19
v  ~StubRoutines::call_stub
V  [libjvm.dylib+0x28a5c3]
V  [libjvm.dylib+0x28a390]
V  [libjvm.dylib+0x2a5e70]
V  [libjvm.dylib+0x29f1c8]
C  [java+0x317e]  JavaMain+0x91d
C  [libsystem_c.dylib+0x147a2]  _pthread_start+0x147
C  [libsystem_c.dylib+0x11e1]  thread_start+0xd

Java frames: (J=compiled Java code, j=interpreted, Vv=VM code)
j  java.util.zip.ZipFile.getEntry(J[BZ)J+0
j  java.util.zip.ZipFile.getEntry(Ljava/lang/String;)Ljava/util/zip/ZipEntry;+38
j  java.util.jar.JarFile.getEntry(Ljava/lang/String;)Ljava/util/zip/ZipEntry;+2
j  java.util.jar.JarFile.getJarEntry(Ljava/lang/String;)Ljava/util/jar/JarEntry;+2
j  sun.misc.URLClassPath$JarLoader.getResource(Ljava/lang/String;Z)Lsun/misc/Resource;+48
j  sun.misc.URLClassPath.getResource(Ljava/lang/String;Z)Lsun/misc/Resource;+53
j  java.net.URLClassLoader$1.run()Ljava/lang/Class;+26
j  java.net.URLClassLoader$1.run()Ljava/lang/Object;+1
v  ~StubRoutines::call_stub
j  java.security.AccessController.doPrivileged(Ljava/security/PrivilegedExceptionAction;Ljava/security/AccessControlContext;)Ljava/lang/Object;+0
j  java.net.URLClassLoader.findClass(Ljava/lang/String;)Ljava/lang/Class;+13
j  java.lang.ClassLoader.loadClass(Ljava/lang/String;Z)Ljava/lang/Class;+70
j  sun.misc.Launcher$AppClassLoader.loadClass(Ljava/lang/String;Z)Ljava/lang/Class;+36
j  java.lang.ClassLoader.loadClass(Ljava/lang/String;)Ljava/lang/Class;+3
v  ~StubRoutines::call_stub
j  xal.smf.application.AcceleratorApplication.setup([Ljava/net/URL;)V+12
j  xal.application.Application.<init>(Lxal/application/AbstractApplicationAdaptor;[Ljava/net/URL;)V+50
j  xal.application.FrameApplication.<init>(Lxal/application/ApplicationAdaptor;[Ljava/net/URL;)V+3
j  xal.smf.application.AcceleratorApplication.<init>(Lxal/application/ApplicationAdaptor;[Ljava/net/URL;)V+3
j  xal.smf.application.AcceleratorApplication.launch(Lxal/application/ApplicationAdaptor;[Ljava/net/URL;)V+6
j  xal.smf.application.AcceleratorApplication.launch(Lxal/application/ApplicationAdaptor;)V+4
j  xal.app.virtualaccelerator.Main.main([Ljava/lang/String;)V+19
v  ~StubRoutines::call_stub

---------------  P R O C E S S  ---------------

Java Threads: ( => current thread )
  0x00007faccc2a5000 JavaThread "AWT-EventQueue-0" [_thread_blocked, id=18695, stack(0x00000001743f1000,0x00000001744f1000)]
  0x00007faccc178000 JavaThread "AWT-Shutdown" [_thread_blocked, id=17419, stack(0x0000000174286000,0x0000000174386000)]
  0x00007faccc1a0800 JavaThread "Java2D Disposer" daemon [_thread_blocked, id=41475, stack(0x0000000173dcf000,0x0000000173ecf000)]
  0x00007faccc0ff000 JavaThread "Java2D Queue Flusher" daemon [_thread_blocked, id=37383, stack(0x0000000173479000,0x0000000173579000)]
  0x00007faccc157000 JavaThread "Timer-0" daemon [_thread_blocked, id=35619, stack(0x0000000173376000,0x0000000173476000)]
  0x00007faccc0f4800 JavaThread "AppKit Thread" daemon [_thread_in_native, id=1799, stack(0x00007fff57d7f000,0x00007fff5857f000)]
  0x00007faccd028000 JavaThread "Service Thread" daemon [_thread_blocked, id=20483, stack(0x000000016f578000,0x000000016f678000)]
  0x00007faccd027000 JavaThread "C2 CompilerThread1" daemon [_thread_blocked, id=20227, stack(0x000000016f475000,0x000000016f575000)]
  0x00007faccd012800 JavaThread "C2 CompilerThread0" daemon [_thread_blocked, id=19971, stack(0x000000016f372000,0x000000016f472000)]
  0x00007faccd012000 JavaThread "Signal Dispatcher" daemon [_thread_blocked, id=19715, stack(0x000000016f26f000,0x000000016f36f000)]
  0x00007faccc05f800 JavaThread "Finalizer" daemon [_thread_blocked, id=14595, stack(0x000000016ef19000,0x000000016f019000)]
  0x00007faccc05e800 JavaThread "Reference Handler" daemon [_thread_blocked, id=14339, stack(0x000000016ee16000,0x000000016ef16000)]
=>0x00007faccd002800 JavaThread "main" [_thread_in_native, id=5891, stack(0x000000010828a000,0x000000010838a000)]

Other Threads:
  0x00007faccc05c000 VMThread [stack: 0x000000016ed13000,0x000000016ee13000] [id=14083]
  0x00007faccd021800 WatcherThread [stack: 0x000000016f67b000,0x000000016f77b000] [id=20739]

VM state:not at safepoint (normal execution)

VM Mutex/Monitor currently owned by a thread: None

Heap
 PSYoungGen      total 26752K, used 9207K [0x000000014c1e0000, 0x000000014dfb0000, 0x0000000169f30000)
  eden space 22976K, 40% used [0x000000014c1e0000,0x000000014caddd20,0x000000014d850000)
  from space 3776K, 0% used [0x000000014dc00000,0x000000014dc00000,0x000000014dfb0000)
  to   space 3776K, 0% used [0x000000014d850000,0x000000014d850000,0x000000014dc00000)
 ParOldGen       total 61056K, used 0K [0x0000000110730000, 0x00000001142d0000, 0x000000014c1e0000)
  object space 61056K, 0% used [0x0000000110730000,0x0000000110730000,0x00000001142d0000)
 PSPermGen       total 21248K, used 11334K [0x000000010b530000, 0x000000010c9f0000, 0x0000000110730000)
  object space 21248K, 53% used [0x000000010b530000,0x000000010c041978,0x000000010c9f0000)

Card table byte_map: [0x0000000169f30000,0x000000016a226000] byte_map_base: 0x00000001696d5680

Polling page: 0x00000001083c9000

Code Cache  [0x000000010845f000, 0x00000001086cf000, 0x000000010b45f000)
 total_blobs=432 nmethods=23 adapters=361 free_code_cache=48608Kb largest_free_block=49765376

Compilation events (10 events):
Event: 15.011 Thread 0x00007faccd027000   19             java.lang.String::toLowerCase (472 bytes)
Event: 15.030 Thread 0x00007faccd027000 nmethod 19 0x00000001084e4810 code [0x00000001084e4a60, 0x00000001084e5700]
Event: 15.033 Thread 0x00007faccd012800   20             java.lang.Math::min (11 bytes)
Event: 15.033 Thread 0x00007faccd012800 nmethod 20 0x00000001084de8d0 code [0x00000001084dea00, 0x00000001084dea38]
Event: 15.324 Thread 0x00007faccd012800   21             java.util.HashMap::indexFor (6 bytes)
Event: 15.324 Thread 0x00007faccd012800 nmethod 21 0x00000001084e1e10 code [0x00000001084e1f40, 0x00000001084e1f78]
Event: 15.434 Thread 0x00007faccd012800   22             java.util.HashMap::hash (59 bytes)
Event: 15.436 Thread 0x00007faccd012800 nmethod 22 0x00000001084e1a50 code [0x00000001084e1ba0, 0x00000001084e1ce8]
Event: 15.661 Thread 0x00007faccd012800   23             java.util.HashMap::getEntry (77 bytes)
Event: 15.665 Thread 0x00007faccd012800 nmethod 23 0x00000001084e7550 code [0x00000001084e76c0, 0x00000001084e78e8]

GC Heap History (0 events):
No events

Deoptimization events (1 events):
Event: 5.087 Thread 0x00007faccd002800 Uncommon trap -12 fr.pc 0x00000001084c2a24

Internal exceptions (10 events):
Event: 3.692 Thread 0x00007faccd002800 Threw 0x000000014c49edd0 at /HUDSON/workspace/jdk7u25-2-build-macosx-amd64-product/jdk7u25/hotspot/src/share/vm/prims/jni.cpp:716
Event: 5.087 Thread 0x00007faccd002800 Implicit null exception at 0x00000001084c2815 to 0x00000001084c2a15
Event: 5.907 Thread 0x00007faccd002800 Threw 0x000000014c4e5be0 at /HUDSON/workspace/jdk7u25-2-build-macosx-amd64-product/jdk7u25/hotspot/src/share/vm/prims/jvm.cpp:1235
Event: 5.907 Thread 0x00007faccd002800 Threw 0x000000014c4e6650 at /HUDSON/workspace/jdk7u25-2-build-macosx-amd64-product/jdk7u25/hotspot/src/share/vm/prims/jvm.cpp:1235
Event: 5.908 Thread 0x00007faccd002800 Threw 0x000000014c4eb9b0 at /HUDSON/workspace/jdk7u25-2-build-macosx-amd64-product/jdk7u25/hotspot/src/share/vm/prims/jvm.cpp:1235
Event: 5.908 Thread 0x00007faccd002800 Threw 0x000000014c4ec440 at /HUDSON/workspace/jdk7u25-2-build-macosx-amd64-product/jdk7u25/hotspot/src/share/vm/prims/jvm.cpp:1235
Event: 6.019 Thread 0x00007faccd002800 Threw 0x000000014c4f9ee0 at /HUDSON/workspace/jdk7u25-2-build-macosx-amd64-product/jdk7u25/hotspot/src/share/vm/prims/jvm.cpp:1235
Event: 6.019 Thread 0x00007faccd002800 Threw 0x000000014c4fa960 at /HUDSON/workspace/jdk7u25-2-build-macosx-amd64-product/jdk7u25/hotspot/src/share/vm/prims/jvm.cpp:1235
Event: 15.525 Thread 0x00007faccd002800 Threw 0x000000014c9908e0 at /HUDSON/workspace/jdk7u25-2-build-macosx-amd64-product/jdk7u25/hotspot/src/share/vm/prims/jni.cpp:742
Event: 15.916 Thread 0x00007faccd002800 Threw 0x000000014c998fa8 at /HUDSON/workspace/jdk7u25-2-build-macosx-amd64-product/jdk7u25/hotspot/src/share/vm/prims/jvm.cpp:1235

Events (10 events):
Event: 15.786 loading class 0x00007facccb6a2e0 done
Event: 15.788 Executing VM operation: RevokeBias
Event: 15.788 Executing VM operation: RevokeBias done
Event: 15.916 Executing VM operation: RevokeBias
Event: 15.916 Executing VM operation: RevokeBias done
Event: 15.916 Executing VM operation: RevokeBias
Event: 15.916 Thread 0x00007faccd0c0000 Thread added: 0x00007faccd0c0000
Event: 15.916 Executing VM operation: RevokeBias done
Event: 15.916 loading class 0x00007faccbc7aea0
Event: 15.916 loading class 0x00007faccbc7aea0 done


Dynamic libraries:
0x000000000b724000 	/System/Library/Frameworks/Cocoa.framework/Versions/A/Cocoa
0x000000000b724000 	/System/Library/Frameworks/Security.framework/Versions/A/Security
0x000000000b724000 	/System/Library/Frameworks/ApplicationServices.framework/Versions/A/ApplicationServices
0x000000000b724000 	/usr/lib/libz.1.dylib
0x000000000b724000 	/usr/lib/libSystem.B.dylib
0x000000000b724000 	/usr/lib/libobjc.A.dylib
0x000000000b724000 	/System/Library/Frameworks/CoreFoundation.framework/Versions/A/CoreFoundation
0x000000000b724000 	/System/Library/Frameworks/AppKit.framework/Versions/C/AppKit
0x000000000b724000 	/System/Library/Frameworks/CoreData.framework/Versions/A/CoreData
0x000000000b724000 	/System/Library/Frameworks/Foundation.framework/Versions/C/Foundation
0x000000000b724000 	/System/Library/PrivateFrameworks/RemoteViewServices.framework/Versions/A/RemoteViewServices
0x000000000b724000 	/System/Library/Frameworks/AudioToolbox.framework/Versions/A/AudioToolbox
0x000000000b724000 	/System/Library/Frameworks/AudioUnit.framework/Versions/A/AudioUnit
0x000000000b724000 	/System/Library/PrivateFrameworks/DataDetectorsCore.framework/Versions/A/DataDetectorsCore
0x000000000b724000 	/System/Library/PrivateFrameworks/DesktopServicesPriv.framework/Versions/A/DesktopServicesPriv
0x000000000b724000 	/System/Library/Frameworks/Carbon.framework/Versions/A/Frameworks/HIToolbox.framework/Versions/A/HIToolbox
0x000000000b724000 	/System/Library/Frameworks/QuartzCore.framework/Versions/A/QuartzCore
0x000000000b724000 	/System/Library/Frameworks/Carbon.framework/Versions/A/Frameworks/SpeechRecognition.framework/Versions/A/SpeechRecognition
0x000000000b724000 	/usr/lib/libauto.dylib
0x000000000b724000 	/usr/lib/libicucore.A.dylib
0x000000000b724000 	/usr/lib/libxml2.2.dylib
0x000000000b724000 	/System/Library/PrivateFrameworks/CoreUI.framework/Versions/A/CoreUI
0x000000000b724000 	/System/Library/Frameworks/CoreAudio.framework/Versions/A/CoreAudio
0x000000000b724000 	/System/Library/Frameworks/DiskArbitration.framework/Versions/A/DiskArbitration
0x000000000b724000 	/usr/lib/liblangid.dylib
0x000000000b724000 	/System/Library/PrivateFrameworks/MultitouchSupport.framework/Versions/A/MultitouchSupport
0x000000000b724000 	/System/Library/Frameworks/IOKit.framework/Versions/A/IOKit
0x000000000b724000 	/usr/lib/libDiagnosticMessagesClient.dylib
0x000000000b724000 	/System/Library/Frameworks/CoreServices.framework/Versions/A/CoreServices
0x000000000b724000 	/System/Library/PrivateFrameworks/PerformanceAnalysis.framework/Versions/A/PerformanceAnalysis
0x000000000b724000 	/System/Library/PrivateFrameworks/GenerationalStorage.framework/Versions/A/GenerationalStorage
0x000000000b724000 	/System/Library/Frameworks/OpenGL.framework/Versions/A/OpenGL
0x000000000b724000 	/System/Library/Frameworks/CoreText.framework/Versions/A/CoreText
0x000000000b724000 	/System/Library/Frameworks/ImageIO.framework/Versions/A/ImageIO
0x000000000b724000 	/System/Library/PrivateFrameworks/Backup.framework/Versions/A/Backup
0x000000000b724000 	/System/Library/Frameworks/CFNetwork.framework/Versions/A/CFNetwork
0x000000000b724000 	/System/Library/Frameworks/SystemConfiguration.framework/Versions/A/SystemConfiguration
0x000000000b724000 	/usr/lib/libCRFSuite.dylib
0x000000000b724000 	/System/Library/PrivateFrameworks/TCC.framework/Versions/A/TCC
0x000000000b724000 	/usr/lib/libc++.1.dylib
0x000000000b724000 	/usr/lib/libc++abi.dylib
0x000000000b724000 	/usr/lib/system/libcache.dylib
0x000000000b724000 	/usr/lib/system/libcommonCrypto.dylib
0x000000000b724000 	/usr/lib/system/libcompiler_rt.dylib
0x000000000b724000 	/usr/lib/system/libcopyfile.dylib
0x000000000b724000 	/usr/lib/system/libdispatch.dylib
0x000000000b724000 	/usr/lib/system/libdnsinfo.dylib
0x000000000b724000 	/usr/lib/system/libdyld.dylib
0x000000000b724000 	/usr/lib/system/libkeymgr.dylib
0x000000000b724000 	/usr/lib/system/liblaunch.dylib
0x000000000b724000 	/usr/lib/system/libmacho.dylib
0x000000000b724000 	/usr/lib/system/libquarantine.dylib
0x000000000b724000 	/usr/lib/system/libremovefile.dylib
0x000000000b724000 	/usr/lib/system/libsystem_blocks.dylib
0x000000000b724000 	/usr/lib/system/libsystem_c.dylib
0x000000000b724000 	/usr/lib/system/libsystem_dnssd.dylib
0x000000000b724000 	/usr/lib/system/libsystem_info.dylib
0x000000000b724000 	/usr/lib/system/libsystem_kernel.dylib
0x000000000b724000 	/usr/lib/system/libsystem_m.dylib
0x000000000b724000 	/usr/lib/system/libsystem_network.dylib
0x000000000b724000 	/usr/lib/system/libsystem_notify.dylib
0x000000000b724000 	/usr/lib/system/libsystem_sandbox.dylib
0x000000000b724000 	/usr/lib/system/libunc.dylib
0x000000000b724000 	/usr/lib/system/libunwind.dylib
0x000000000b724000 	/usr/lib/system/libxpc.dylib
0x000000000b724000 	/usr/lib/system/libcorecrypto.dylib
0x000000000b724000 	/usr/lib/libstdc++.6.dylib
0x000000000b724000 	/usr/lib/libbsm.0.dylib
0x000000000b724000 	/usr/lib/libsqlite3.dylib
0x000000000b724000 	/usr/lib/libxar.1.dylib
0x000000000b724000 	/usr/lib/libpam.2.dylib
0x000000000b724000 	/usr/lib/libOpenScriptingUtil.dylib
0x000000000b724000 	/usr/lib/libbz2.1.0.dylib
0x000000000b724000 	/System/Library/Frameworks/CoreServices.framework/Versions/A/Frameworks/CarbonCore.framework/Versions/A/CarbonCore
0x000000000b724000 	/System/Library/Frameworks/CoreServices.framework/Versions/A/Frameworks/Metadata.framework/Versions/A/Metadata
0x000000000b724000 	/System/Library/Frameworks/CoreServices.framework/Versions/A/Frameworks/OSServices.framework/Versions/A/OSServices
0x000000000b724000 	/System/Library/Frameworks/CoreServices.framework/Versions/A/Frameworks/SearchKit.framework/Versions/A/SearchKit
0x000000000b724000 	/System/Library/Frameworks/CoreServices.framework/Versions/A/Frameworks/AE.framework/Versions/A/AE
0x000000000b724000 	/System/Library/Frameworks/CoreServices.framework/Versions/A/Frameworks/LaunchServices.framework/Versions/A/LaunchServices
0x000000000b724000 	/System/Library/Frameworks/CoreServices.framework/Versions/A/Frameworks/DictionaryServices.framework/Versions/A/DictionaryServices
0x000000000b724000 	/System/Library/Frameworks/NetFS.framework/Versions/A/NetFS
0x000000000b724000 	/usr/lib/system/libkxld.dylib
0x000000000b724000 	/System/Library/PrivateFrameworks/NetAuth.framework/Versions/A/NetAuth
0x000000000b724000 	/System/Library/Frameworks/OpenDirectory.framework/Versions/A/Frameworks/CFOpenDirectory.framework/Versions/A/CFOpenDirectory
0x000000000b724000 	/usr/lib/libxslt.1.dylib
0x000000000b724000 	/System/Library/PrivateFrameworks/FamilyControls.framework/Versions/A/FamilyControls
0x000000000b724000 	/System/Library/Frameworks/Carbon.framework/Versions/A/Frameworks/Ink.framework/Versions/A/Ink
0x000000000b724000 	/System/Library/Frameworks/ApplicationServices.framework/Versions/A/Frameworks/CoreGraphics.framework/Versions/A/CoreGraphics
0x000000000b724000 	/System/Library/Frameworks/ApplicationServices.framework/Versions/A/Frameworks/ATS.framework/Versions/A/ATS
0x000000000b724000 	/System/Library/Frameworks/ApplicationServices.framework/Versions/A/Frameworks/ColorSync.framework/Versions/A/ColorSync
0x000000000b724000 	/System/Library/Frameworks/ApplicationServices.framework/Versions/A/Frameworks/HIServices.framework/Versions/A/HIServices
0x000000000b724000 	/System/Library/Frameworks/ApplicationServices.framework/Versions/A/Frameworks/LangAnalysis.framework/Versions/A/LangAnalysis
0x000000000b724000 	/System/Library/Frameworks/ApplicationServices.framework/Versions/A/Frameworks/PrintCore.framework/Versions/A/PrintCore
0x000000000b724000 	/System/Library/Frameworks/ApplicationServices.framework/Versions/A/Frameworks/QD.framework/Versions/A/QD
0x000000000b724000 	/System/Library/Frameworks/ApplicationServices.framework/Versions/A/Frameworks/SpeechSynthesis.framework/Versions/A/SpeechSynthesis
0x000000000b724000 	/System/Library/Frameworks/IOSurface.framework/Versions/A/IOSurface
0x000000000b724000 	/System/Library/Frameworks/Accelerate.framework/Versions/A/Accelerate
0x000000000b724000 	/System/Library/Frameworks/ApplicationServices.framework/Versions/A/Frameworks/ATS.framework/Versions/A/Resources/libFontParser.dylib
0x000000000b724000 	/System/Library/Frameworks/ApplicationServices.framework/Versions/A/Frameworks/ATS.framework/Versions/A/Resources/libFontRegistry.dylib
0x000000000b724000 	/System/Library/Frameworks/Accelerate.framework/Versions/A/Frameworks/vImage.framework/Versions/A/vImage
0x000000000b724000 	/System/Library/Frameworks/Accelerate.framework/Versions/A/Frameworks/vecLib.framework/Versions/A/vecLib
0x000000000b724000 	/System/Library/Frameworks/Accelerate.framework/Versions/A/Frameworks/vecLib.framework/Versions/A/libvDSP.dylib
0x000000000b724000 	/System/Library/Frameworks/Accelerate.framework/Versions/A/Frameworks/vecLib.framework/Versions/A/libvMisc.dylib
0x000000000b724000 	/System/Library/Frameworks/Accelerate.framework/Versions/A/Frameworks/vecLib.framework/Versions/A/libLAPACK.dylib
0x000000000b724000 	/System/Library/Frameworks/Accelerate.framework/Versions/A/Frameworks/vecLib.framework/Versions/A/libBLAS.dylib
0x000000000b724000 	/System/Library/Frameworks/ImageIO.framework/Versions/A/Resources/libJPEG.dylib
0x000000000b724000 	/System/Library/Frameworks/ImageIO.framework/Versions/A/Resources/libTIFF.dylib
0x000000000b724000 	/System/Library/Frameworks/ImageIO.framework/Versions/A/Resources/libPng.dylib
0x000000000b724000 	/System/Library/Frameworks/ImageIO.framework/Versions/A/Resources/libGIF.dylib
0x000000000b724000 	/System/Library/Frameworks/ImageIO.framework/Versions/A/Resources/libJP2.dylib
0x000000000b724000 	/System/Library/Frameworks/ImageIO.framework/Versions/A/Resources/libRadiance.dylib
0x000000000b724000 	/usr/lib/libcups.2.dylib
0x000000000b724000 	/System/Library/Frameworks/Kerberos.framework/Versions/A/Kerberos
0x000000000b724000 	/System/Library/Frameworks/GSS.framework/Versions/A/GSS
0x000000000b724000 	/usr/lib/libresolv.9.dylib
0x000000000b724000 	/usr/lib/libiconv.2.dylib
0x000000000b724000 	/System/Library/PrivateFrameworks/Heimdal.framework/Versions/A/Heimdal
0x000000000b724000 	/System/Library/PrivateFrameworks/TrustEvaluationAgent.framework/Versions/A/TrustEvaluationAgent
0x000000000b724000 	/System/Library/Frameworks/OpenDirectory.framework/Versions/A/OpenDirectory
0x000000000b724000 	/System/Library/PrivateFrameworks/CommonAuth.framework/Versions/A/CommonAuth
0x000000000b724000 	/System/Library/PrivateFrameworks/Bom.framework/Versions/A/Bom
0x000000000b724000 	/System/Library/Frameworks/CoreVideo.framework/Versions/A/CoreVideo
0x000000000b724000 	/System/Library/Frameworks/QuartzCore.framework/Versions/A/Frameworks/CoreImage.framework/Versions/A/CoreImage
0x000000000b724000 	/System/Library/Frameworks/QuartzCore.framework/Versions/A/Frameworks/ScalableUserInterface.framework/Versions/A/ScalableUserInterface
0x000000000b724000 	/System/Library/Frameworks/OpenGL.framework/Versions/A/Libraries/libGLU.dylib
0x000000000b724000 	/System/Library/Frameworks/OpenGL.framework/Versions/A/Libraries/libGFXShared.dylib
0x000000000b724000 	/System/Library/Frameworks/OpenGL.framework/Versions/A/Libraries/libGL.dylib
0x000000000b724000 	/System/Library/Frameworks/OpenGL.framework/Versions/A/Libraries/libGLImage.dylib
0x000000000b724000 	/System/Library/Frameworks/OpenGL.framework/Versions/A/Libraries/libCVMSPluginSupport.dylib
0x000000000b724000 	/System/Library/Frameworks/OpenGL.framework/Versions/A/Libraries/libCoreVMClient.dylib
0x000000000b724000 	/System/Library/PrivateFrameworks/CrashReporterSupport.framework/Versions/A/CrashReporterSupport
0x000000000b724000 	/System/Library/Frameworks/OpenCL.framework/Versions/A/OpenCL
0x000000000b724000 	/System/Library/PrivateFrameworks/FaceCoreLight.framework/Versions/A/FaceCoreLight
0x000000000b724000 	/System/Library/PrivateFrameworks/AppleFSCompression.framework/Versions/A/AppleFSCompression
0x000000000b724000 	/System/Library/PrivateFrameworks/Ubiquity.framework/Versions/A/Ubiquity
0x000000000b724000 	/System/Library/Frameworks/ServiceManagement.framework/Versions/A/ServiceManagement
0x000000000b724000 	/System/Library/PrivateFrameworks/ChunkingLibrary.framework/Versions/A/ChunkingLibrary
0x000000000b724000 	/System/Library/Frameworks/vecLib.framework/Versions/A/vecLib
0x000000000b724000 	/System/Library/Frameworks/SecurityFoundation.framework/Versions/A/SecurityFoundation
0x000000000b724000 	/System/Library/PrivateFrameworks/CommerceKit.framework/Versions/A/Frameworks/CommerceCore.framework/Versions/A/CommerceCore
0x000000000b724000 	/System/Library/PrivateFrameworks/CoreSymbolication.framework/Versions/A/CoreSymbolication
0x000000000b724000 	/System/Library/PrivateFrameworks/Symbolication.framework/Versions/A/Symbolication
0x000000000b724000 	/System/Library/PrivateFrameworks/DebugSymbols.framework/Versions/A/DebugSymbols
0x00000001077e0000 	/Library/Java/JavaVirtualMachines/jdk1.7.0_25.jdk/Contents/Home/jre/lib/server/libjvm.dylib
0x000000010838c000 	/Library/Java/JavaVirtualMachines/jdk1.7.0_25.jdk/Contents/Home/jre/lib/libverify.dylib
0x0000000108399000 	/Library/Java/JavaVirtualMachines/jdk1.7.0_25.jdk/Contents/Home/jre/lib/libjava.dylib
0x0000000108456000 	/Library/Java/JavaVirtualMachines/jdk1.7.0_25.jdk/Contents/Home/jre/lib/libzip.dylib
0x000000016f01b000 	/System/Library/Frameworks/JavaVM.framework/Frameworks/JavaRuntimeSupport.framework/JavaRuntimeSupport
0x000000016f033000 	/System/Library/Frameworks/JavaVM.framework/Versions/A/Frameworks/JavaNativeFoundation.framework/Versions/A/JavaNativeFoundation
0x000000016f048000 	/System/Library/Frameworks/JavaVM.framework/Versions/A/JavaVM
0x000000000b724000 	/System/Library/Frameworks/Carbon.framework/Versions/A/Carbon
0x000000016f055000 	/System/Library/PrivateFrameworks/JavaLaunching.framework/Versions/A/JavaLaunching
0x000000000b724000 	/System/Library/Frameworks/Carbon.framework/Versions/A/Frameworks/CommonPanels.framework/Versions/A/CommonPanels
0x000000000b724000 	/System/Library/Frameworks/Carbon.framework/Versions/A/Frameworks/Help.framework/Versions/A/Help
0x000000000b724000 	/System/Library/Frameworks/Carbon.framework/Versions/A/Frameworks/ImageCapture.framework/Versions/A/ImageCapture
0x000000000b724000 	/System/Library/Frameworks/Carbon.framework/Versions/A/Frameworks/OpenScripting.framework/Versions/A/OpenScripting
0x000000000b724000 	/System/Library/Frameworks/Carbon.framework/Versions/A/Frameworks/Print.framework/Versions/A/Print
0x000000000b724000 	/System/Library/Frameworks/Carbon.framework/Versions/A/Frameworks/SecurityHI.framework/Versions/A/SecurityHI
0x000000016f7ee000 	/Library/Java/JavaVirtualMachines/jdk1.7.0_25.jdk/Contents/Home/jre/lib/libawt.dylib
0x000000016f89e000 	/Library/Java/JavaVirtualMachines/jdk1.7.0_25.jdk/Contents/Home/jre/lib/./libmlib_image.dylib
0x000000016f96a000 	/Library/Java/JavaVirtualMachines/jdk1.7.0_25.jdk/Contents/Home/jre/lib/lwawt/liblwawt.dylib
0x000000016fa1d000 	/Library/Java/JavaVirtualMachines/jdk1.7.0_25.jdk/Contents/Home/jre/lib/libosxapp.dylib
0x000000016fa39000 	/System/Library/Frameworks/ExceptionHandling.framework/Versions/A/ExceptionHandling
0x000000000b724000 	/System/Library/PrivateFrameworks/CoreServicesInternal.framework/Versions/A/CoreServicesInternal
0x000000000b724000 	/System/Library/PrivateFrameworks/Librarian.framework/Versions/A/Librarian
0x000000000b724000 	/System/Library/Frameworks/ApplicationServices.framework/Versions/A/Frameworks/CoreGraphics.framework/Versions/A/Resources/libCSync.A.dylib
0x000000000b724000 	/System/Library/Frameworks/ApplicationServices.framework/Versions/A/Frameworks/CoreGraphics.framework/Versions/A/Resources/libRIP.A.dylib
0x000000000b724000 	/System/Library/Frameworks/ApplicationServices.framework/Versions/A/Frameworks/CoreGraphics.framework/Versions/A/Resources/libCGXType.A.dylib
0x0000000171b32000 	/Library/Java/JavaVirtualMachines/jdk1.7.0_25.jdk/Contents/Home/jre/lib/libosx.dylib
0x000000016fa40000 	/Library/Java/JavaVirtualMachines/jdk1.7.0_25.jdk/Contents/Home/jre/lib/libfontmanager.dylib
0x000000016faaa000 	/Library/Java/JavaVirtualMachines/jdk1.7.0_25.jdk/Contents/Home/jre/lib/libosxui.dylib
0x000000017367e000 	/System/Library/Frameworks/OpenGL.framework/Resources/GLEngine.bundle/GLEngine
0x0000000173873000 	/System/Library/Frameworks/OpenGL.framework/Versions/A/Libraries/libGLProgrammability.dylib
0x0000000000000000 	/System/Library/Extensions/GeForceGLDriver.bundle/Contents/MacOS/GeForceGLDriver
0x000000016fab4000 	/System/Library/PrivateFrameworks/GPUSupport.framework/Versions/A/Libraries/libGPUSupport.dylib
0x000000000b724000 	/System/Library/Extensions/GeForceGLDriver.bundle/Contents/MacOS/libclh.dylib
0x000000016fac9000 	/System/Library/Frameworks/OpenGL.framework/Resources//GLRendererFloat.bundle/GLRendererFloat
0x000000016fafd000 	/System/Library/Frameworks/OpenCL.framework/Versions/A/Libraries/libcldcpuengine.dylib
0x000000000b724000 	/System/Library/PrivateFrameworks/DiskImages.framework/Versions/A/DiskImages
0x000000000b724000 	/System/Library/Frameworks/DiscRecording.framework/Versions/A/DiscRecording
0x000000000b724000 	/usr/lib/libcurl.4.dylib
0x000000000b724000 	/System/Library/PrivateFrameworks/MediaKit.framework/Versions/A/MediaKit
0x000000000b724000 	/usr/lib/libssl.0.9.8.dylib
0x000000000b724000 	/usr/lib/libcrypto.0.9.8.dylib
0x000000000b724000 	/System/Library/Frameworks/LDAP.framework/Versions/A/LDAP
0x000000000b724000 	/usr/lib/libsasl2.2.dylib
0x000000016f1b2000 	/Library/Java/JavaVirtualMachines/jdk1.7.0_25.jdk/Contents/Home/jre/lib/libnet.dylib
0x000000016f1c7000 	/Library/Java/JavaVirtualMachines/jdk1.7.0_25.jdk/Contents/Home/jre/lib/libnio.dylib

VM Arguments:
java_command: /Users/syk/Projects/openxal/build/jar/apps/virtualaccelerator.jar
Launcher Type: SUN_STANDARD

Environment Variables:
CLASSPATH=/Users/syk/Projects/xal/build/jar/xal.jar:/Users/syk/Projects/xal/build/jar/ext.jar:/Users/syk/Projects/xal/build/jar/services/pvloggertool.jar:/Users/syk/Projects/openxal/build/jar/lib/xal-core.jar:/Users/syk/Projects/openxal/build/jar/lib/xal-lib.jar
PATH=/usr/bin:/bin:/usr/sbin:/sbin:/usr/local/bin:/opt/local/bin:/opt/local/sbin
SHELL=/bin/bash

Signal Handlers:
SIGSEGV: [libjvm.dylib+0x4a820f], sa_mask[0]=0xfffefeff, sa_flags=0x00000042
SIGBUS: [libjvm.dylib+0x4a820f], sa_mask[0]=0xfffefeff, sa_flags=0x00000042
SIGFPE: [libjvm.dylib+0x3b7495], sa_mask[0]=0xfffefeff, sa_flags=0x00000042
SIGPIPE: [libjvm.dylib+0x3b7495], sa_mask[0]=0xfffefeff, sa_flags=0x00000042
SIGXFSZ: [libjvm.dylib+0x3b7495], sa_mask[0]=0xfffefeff, sa_flags=0x00000042
SIGILL: [libjvm.dylib+0x3b7495], sa_mask[0]=0xfffefeff, sa_flags=0x00000042
SIGUSR1: SIG_DFL, sa_mask[0]=0x63807efb, sa_flags=0x00000000
SIGUSR2: [libjvm.dylib+0x3b702e], sa_mask[0]=0x00000004, sa_flags=0x00000042
SIGHUP: [libjvm.dylib+0x3b528f], sa_mask[0]=0xfffefeff, sa_flags=0x00000042
SIGINT: [libjvm.dylib+0x3b528f], sa_mask[0]=0xfffefeff, sa_flags=0x00000042
SIGTERM: [libjvm.dylib+0x3b528f], sa_mask[0]=0xfffefeff, sa_flags=0x00000042
SIGQUIT: [libjvm.dylib+0x3b528f], sa_mask[0]=0xfffefeff, sa_flags=0x00000042


---------------  S Y S T E M  ---------------

OS:Bsduname:Darwin 12.3.0 Darwin Kernel Version 12.3.0: Sun Jan  6 22:37:10 PST 2013; root:xnu-2050.22.13~1/RELEASE_X86_64 x86_64
rlimit: STACK 8192k, CORE 0k, NPROC 709, NOFILE 10240, AS infinity
load average:0.67 0.87 0.92

CPU:total 2 (2 cores per cpu, 1 threads per core) family 6 model 23 stepping 10, cmov, cx8, fxsr, mmx, sse, sse2, sse3, ssse3, sse4.1, tsc

Memory: 4k page, physical 5857912k(1464478k free)

/proc/meminfo:


vm_info: Java HotSpot(TM) 64-Bit Server VM (23.25-b01) for bsd-amd64 JRE (1.7.0_25-b15), built on Jun  5 2013 22:26:36 by "java_re" with gcc 4.2.1 (Based on Apple Inc. build 5658) (LLVM build 2336.11.00)

time: Thu Jun 20 09:07:30 2013
elapsed time: 15 seconds

